1. reading posted data [2015-12-17 16:11:05 Asia/Seoul] : 
Array
(
    [mc_gross] => 100.00
    [invoice] => BUY-20151217161038
    [protection_eligibility] => Eligible
    [address_status] => confirmed
    [payer_id] => 3F7H5NPQR2MXL
    [tax] => 0.00
    [address_street] => 1 Main St
    [payment_date] => 23:11:01 Dec 16, 2015 PST
    [payment_status] => Completed
    [charset] => windows-1252
    [address_zip] => 95131
    [first_name] => test
    [mc_fee] => 3.20
    [address_country_code] => US
    [address_name] => test buyer
    [notify_version] => 3.8
    [custom] => 
    [payer_status] => verified
    [business] => goodr00-facilitator@naver.com
    [address_country] => United States
    [address_city] => San Jose
    [quantity] => 1
    [verify_sign] => AV-6YT9wXKf-4dnL8GajI1RgrJToAafs.u-ZHP5mAyXja3gDx3URFuaj
    [payer_email] => goodr00-buyer@naver.com
    [txn_id] => 3EK74021NN398173E
    [payment_type] => instant
    [last_name] => buyer
    [address_state] => CA
    [receiver_email] => goodr00-facilitator@naver.com
    [payment_fee] => 3.20
    [receiver_id] => 4M48DLDDTGF3G
    [txn_type] => web_accept
    [item_name] => 
    [mc_currency] => USD
    [item_number] => 
    [residence_country] => US
    [test_ipn] => 1
    [handling_amount] => 0.00
    [transaction_subject] => 
    [payment_gross] => 100.00
    [shipping] => 0.00
    [ipn_track_id] => 94db8375c9c78
)



2. make request data [2015-12-17 16:11:05 Asia/Seoul] : 
cmd=_notify-validate&mc_gross=100.00&invoice=BUY-20151217161038&protection_eligibility=Eligible&address_status=confirmed&payer_id=3F7H5NPQR2MXL&tax=0.00&address_street=1+Main+St&payment_date=23%3A11%3A01+Dec+16%2C+2015+PST&payment_status=Completed&charset=windows-1252&address_zip=95131&first_name=test&mc_fee=3.20&address_country_code=US&address_name=test+buyer&notify_version=3.8&custom=&payer_status=verified&business=goodr00-facilitator%40naver.com&address_country=United+States&address_city=San+Jose&quantity=1&verify_sign=AV-6YT9wXKf-4dnL8GajI1RgrJToAafs.u-ZHP5mAyXja3gDx3URFuaj&payer_email=goodr00-buyer%40naver.com&txn_id=3EK74021NN398173E&payment_type=instant&last_name=buyer&address_state=CA&receiver_email=goodr00-facilitator%40naver.com&payment_fee=3.20&receiver_id=4M48DLDDTGF3G&txn_type=web_accept&item_name=&mc_currency=USD&item_number=&residence_country=US&test_ipn=1&handling_amount=0.00&transaction_subject=&payment_gross=100.00&shipping=0.00&ipn_track_id=94db8375c9c78


3. CURL Request [2015-12-17 16:11:07 Asia/Seoul] : 
HTTP request of validation request:POST /cgi-bin/webscr HTTP/1.1
Host: www.sandbox.paypal.com
Accept: */*
Connection: Close
Content-Length: 987
Content-Type: application/x-www-form-urlencoded

cmd=_notify-validate&mc_gross=100.00&invoice=BUY-20151217161038&protection_eligibility=Eligible&address_status=confirmed&payer_id=3F7H5NPQR2MXL&tax=0.00&address_street=1+Main+St&payment_date=23%3A11%3A01+Dec+16%2C+2015+PST&payment_status=Completed&charset=windows-1252&address_zip=95131&first_name=test&mc_fee=3.20&address_country_code=US&address_name=test+buyer&notify_version=3.8&custom=&payer_status=verified&business=goodr00-facilitator%40naver.com&address_country=United+States&address_city=San+Jose&quantity=1&verify_sign=AV-6YT9wXKf-4dnL8GajI1RgrJToAafs.u-ZHP5mAyXja3gDx3URFuaj&payer_email=goodr00-buyer%40naver.com&txn_id=3EK74021NN398173E&payment_type=instant&last_name=buyer&address_state=CA&receiver_email=goodr00-facilitator%40naver.com&payment_fee=3.20&receiver_id=4M48DLDDTGF3G&txn_type=web_accept&item_name=&mc_currency=USD&item_number=&residence_country=US&test_ipn=1&handling_amount=0.00&transaction_subject=&payment_gross=100.00&shipping=0.00&ipn_track_id=94db8375c9c78 for IPN payload: cmd=_notify-validate&mc_gross=100.00&invoice=BUY-20151217161038&protection_eligibility=Eligible&address_status=confirmed&payer_id=3F7H5NPQR2MXL&tax=0.00&address_street=1+Main+St&payment_date=23%3A11%3A01+Dec+16%2C+2015+PST&payment_status=Completed&charset=windows-1252&address_zip=95131&first_name=test&mc_fee=3.20&address_country_code=US&address_name=test+buyer&notify_version=3.8&custom=&payer_status=verified&business=goodr00-facilitator%40naver.com&address_country=United+States&address_city=San+Jose&quantity=1&verify_sign=AV-6YT9wXKf-4dnL8GajI1RgrJToAafs.u-ZHP5mAyXja3gDx3URFuaj&payer_email=goodr00-buyer%40naver.com&txn_id=3EK74021NN398173E&payment_type=instant&last_name=buyer&address_state=CA&receiver_email=goodr00-facilitator%40naver.com&payment_fee=3.20&receiver_id=4M48DLDDTGF3G&txn_type=web_accept&item_name=&mc_currency=USD&item_number=&residence_country=US&test_ipn=1&handling_amount=0.00&transaction_subject=&payment_gross=100.00&shipping=0.00&ipn_track_id=94db8375c9c78


4. CURL Response [2015-12-17 16:11:07 Asia/Seoul] : 
HTTP response of validation request: HTTP/1.1 200 OK
Date: Thu, 17 Dec 2015 07:11:06 GMT
Server: Apache
X-Frame-Options: SAMEORIGIN
Set-Cookie: c9MWDuvPtT9GIMyPc3jwol1VSlO=H097XTn3qVChXKVcvcfrm2wj6QvquQqDVswuVtzauC_yMHyJDmfV4YOrAnaz1gNyHQFjuR3Wx94OXkgj7c-mUiM8KQcRWoXFYwo4F3jZqIdBjtcPbD9TQUp9w5Odr8b8HauTWW7-PBLDu3lEo1P3VG-7DfL45RAzumJg0RvRMuoFLeWXTnt9jdjuZcLF8Srrj4xXq0WF8LFPNiHTjeFjV27dUZf6cZPDHA-B4Ze7vKZ68RD9ru6bm8rCy1deF6PRNry5s455kjKURJcKIh8u3LRKuJLKenjORzCwoxg_XHVZuaIxxJxeQ1g1Mxu0apvGiZM5okAz7RUWhMU87PtsxUAW71bzx6p5XYPfikWFjavJ-Ai5sAGf0r6z87ktS48EnrHGLg1y44mUKPkaObLPnnzLVQsdwDVod2VbNJVtUkty_z68ByK0tN_iDGe; domain=.paypal.com; path=/; Secure; HttpOnly
Set-Cookie: cookie_check=yes; expires=Sun, 14-Dec-2025 07:11:07 GMT; domain=.paypal.com; path=/; Secure; HttpOnly
Set-Cookie: navcmd=_notify-validate; domain=.paypal.com; path=/; Secure; HttpOnly
Set-Cookie: navlns=0.0; expires=Sat, 16-Dec-2017 07:11:07 GMT; domain=.paypal.com; path=/; Secure; HttpOnly
Set-Cookie: Apache=10.72.108.11.1450336266982113; path=/; expires=Sat, 09-Dec-45 07:11:06 GMT
Vary: Accept-Encoding,User-Agent
Connection: close
Paypal-Debug-Id: 74b6dbcbeaedc
Set-Cookie: X-PP-SILOVER=name%3DSANDBOX3.WEB.1%26silo_version%3D880%26app%3Dappdispatcher%26TIME%3D174092886; domain=.paypal.com; path=/; Secure; HttpOnly
Set-Cookie: X-PP-SILOVER=; Expires=Thu, 01 Jan 1970 00:00:01 GMT
Set-Cookie: Apache=10.72.128.11.1450336266961937; path=/; expires=Sat, 09-Dec-45 07:11:06 GMT
Strict-Transport-Security: max-age=14400
Transfer-Encoding: chunked
Content-Type: text/html; charset=UTF-8

VERIFIED


5. Verified IPN [2015-12-17 16:11:07 Asia/Seoul] : 
cmd=_notify-validate&mc_gross=100.00&invoice=BUY-20151217161038&protection_eligibility=Eligible&address_status=confirmed&payer_id=3F7H5NPQR2MXL&tax=0.00&address_street=1+Main+St&payment_date=23%3A11%3A01+Dec+16%2C+2015+PST&payment_status=Completed&charset=windows-1252&address_zip=95131&first_name=test&mc_fee=3.20&address_country_code=US&address_name=test+buyer&notify_version=3.8&custom=&payer_status=verified&business=goodr00-facilitator%40naver.com&address_country=United+States&address_city=San+Jose&quantity=1&verify_sign=AV-6YT9wXKf-4dnL8GajI1RgrJToAafs.u-ZHP5mAyXja3gDx3URFuaj&payer_email=goodr00-buyer%40naver.com&txn_id=3EK74021NN398173E&payment_type=instant&last_name=buyer&address_state=CA&receiver_email=goodr00-facilitator%40naver.com&payment_fee=3.20&receiver_id=4M48DLDDTGF3G&txn_type=web_accept&item_name=&mc_currency=USD&item_number=&residence_country=US&test_ipn=1&handling_amount=0.00&transaction_subject=&payment_gross=100.00&shipping=0.00&ipn_track_id=94db8375c9c78 


