1. reading posted data [2015-12-18 00:04:26 Asia/Seoul] : 
Array
(
    [mc_gross] => 3.25
    [invoice] => BUY-20151218000349
    [protection_eligibility] => Eligible
    [address_status] => confirmed
    [payer_id] => 3F7H5NPQR2MXL
    [tax] => 0.00
    [address_street] => 1 Main St
    [payment_date] => 07:04:19 Dec 17, 2015 PST
    [payment_status] => Completed
    [charset] => windows-1252
    [address_zip] => 95131
    [first_name] => test
    [mc_fee] => 0.39
    [address_country_code] => US
    [address_name] => test buyer
    [notify_version] => 3.8
    [custom] => 
    [payer_status] => verified
    [business] => goodr00-facilitator@naver.com
    [address_country] => United States
    [address_city] => San Jose
    [quantity] => 1
    [verify_sign] => AQP3jQsZ5Rm.q2HXFg3tYOEB-.DMALQPNCkW5nqRX7oF2X2Os.XDSfHa
    [payer_email] => goodr00-buyer@naver.com
    [txn_id] => 9PY22583K98193031
    [payment_type] => instant
    [last_name] => buyer
    [address_state] => CA
    [receiver_email] => goodr00-facilitator@naver.com
    [payment_fee] => 0.39
    [receiver_id] => 4M48DLDDTGF3G
    [txn_type] => web_accept
    [item_name] => 
    [mc_currency] => USD
    [item_number] => 
    [residence_country] => US
    [test_ipn] => 1
    [handling_amount] => 0.00
    [transaction_subject] => 
    [payment_gross] => 3.25
    [shipping] => 0.00
    [ipn_track_id] => 39eab7f794d0a
)



2. make request data [2015-12-18 00:04:26 Asia/Seoul] : 
cmd=_notify-validate&mc_gross=3.25&invoice=BUY-20151218000349&protection_eligibility=Eligible&address_status=confirmed&payer_id=3F7H5NPQR2MXL&tax=0.00&address_street=1+Main+St&payment_date=07%3A04%3A19+Dec+17%2C+2015+PST&payment_status=Completed&charset=windows-1252&address_zip=95131&first_name=test&mc_fee=0.39&address_country_code=US&address_name=test+buyer&notify_version=3.8&custom=&payer_status=verified&business=goodr00-facilitator%40naver.com&address_country=United+States&address_city=San+Jose&quantity=1&verify_sign=AQP3jQsZ5Rm.q2HXFg3tYOEB-.DMALQPNCkW5nqRX7oF2X2Os.XDSfHa&payer_email=goodr00-buyer%40naver.com&txn_id=9PY22583K98193031&payment_type=instant&last_name=buyer&address_state=CA&receiver_email=goodr00-facilitator%40naver.com&payment_fee=0.39&receiver_id=4M48DLDDTGF3G&txn_type=web_accept&item_name=&mc_currency=USD&item_number=&residence_country=US&test_ipn=1&handling_amount=0.00&transaction_subject=&payment_gross=3.25&shipping=0.00&ipn_track_id=39eab7f794d0a


3. CURL Request [2015-12-18 00:04:27 Asia/Seoul] : 
HTTP request of validation request:POST /cgi-bin/webscr HTTP/1.1
Host: www.sandbox.paypal.com
Accept: */*
Connection: Close
Content-Length: 983
Content-Type: application/x-www-form-urlencoded

cmd=_notify-validate&mc_gross=3.25&invoice=BUY-20151218000349&protection_eligibility=Eligible&address_status=confirmed&payer_id=3F7H5NPQR2MXL&tax=0.00&address_street=1+Main+St&payment_date=07%3A04%3A19+Dec+17%2C+2015+PST&payment_status=Completed&charset=windows-1252&address_zip=95131&first_name=test&mc_fee=0.39&address_country_code=US&address_name=test+buyer&notify_version=3.8&custom=&payer_status=verified&business=goodr00-facilitator%40naver.com&address_country=United+States&address_city=San+Jose&quantity=1&verify_sign=AQP3jQsZ5Rm.q2HXFg3tYOEB-.DMALQPNCkW5nqRX7oF2X2Os.XDSfHa&payer_email=goodr00-buyer%40naver.com&txn_id=9PY22583K98193031&payment_type=instant&last_name=buyer&address_state=CA&receiver_email=goodr00-facilitator%40naver.com&payment_fee=0.39&receiver_id=4M48DLDDTGF3G&txn_type=web_accept&item_name=&mc_currency=USD&item_number=&residence_country=US&test_ipn=1&handling_amount=0.00&transaction_subject=&payment_gross=3.25&shipping=0.00&ipn_track_id=39eab7f794d0a for IPN payload: cmd=_notify-validate&mc_gross=3.25&invoice=BUY-20151218000349&protection_eligibility=Eligible&address_status=confirmed&payer_id=3F7H5NPQR2MXL&tax=0.00&address_street=1+Main+St&payment_date=07%3A04%3A19+Dec+17%2C+2015+PST&payment_status=Completed&charset=windows-1252&address_zip=95131&first_name=test&mc_fee=0.39&address_country_code=US&address_name=test+buyer&notify_version=3.8&custom=&payer_status=verified&business=goodr00-facilitator%40naver.com&address_country=United+States&address_city=San+Jose&quantity=1&verify_sign=AQP3jQsZ5Rm.q2HXFg3tYOEB-.DMALQPNCkW5nqRX7oF2X2Os.XDSfHa&payer_email=goodr00-buyer%40naver.com&txn_id=9PY22583K98193031&payment_type=instant&last_name=buyer&address_state=CA&receiver_email=goodr00-facilitator%40naver.com&payment_fee=0.39&receiver_id=4M48DLDDTGF3G&txn_type=web_accept&item_name=&mc_currency=USD&item_number=&residence_country=US&test_ipn=1&handling_amount=0.00&transaction_subject=&payment_gross=3.25&shipping=0.00&ipn_track_id=39eab7f794d0a


4. CURL Response [2015-12-18 00:04:27 Asia/Seoul] : 
HTTP response of validation request: HTTP/1.1 200 OK
Date: Thu, 17 Dec 2015 15:04:26 GMT
Server: Apache
X-Frame-Options: SAMEORIGIN
Set-Cookie: c9MWDuvPtT9GIMyPc3jwol1VSlO=nTlfgwxsrRK9u7Wza53zXPrS_VwXWzi6PjyHN8ajGQFVGcEqVUD85ijhC0Yz3RFemmOEDgzXcivD9UASw0Elre0qVMB_jROkobgGQK-vxBMhnVq__-dxbmM0FM0782lvCMVeA9ja66m5wuQYMbRErV_3ZPLcsTBQ4Bwr38EfpJpzzniqBp-tT640EUY_DHx1o2YnbsB9hoUMAPZkGEmcSYwiILw7CkSK31L4sa7nWNZMY17ptZKCUxn1riI3ocGsYHj4Sqms80s1FQMa6OxOzCx6tc_FHAdx6gzveZwu4FbYCGD8dvjuHpL-Cbgqwyau_JH8ZA3_CjSsYf0VpOuqmb-WXfWINPGs67D2TZllYa-x-0Wo8lxFNL6-QpnJvtkq78Cc10DlKScoYG_px6QYqDcqXOVhYe0idiv_hQsnOxfUHRPcz67QbTVrKEq; domain=.paypal.com; path=/; Secure; HttpOnly
Set-Cookie: cookie_check=yes; expires=Sun, 14-Dec-2025 15:04:27 GMT; domain=.paypal.com; path=/; Secure; HttpOnly
Set-Cookie: navcmd=_notify-validate; domain=.paypal.com; path=/; Secure; HttpOnly
Set-Cookie: navlns=0.0; expires=Sat, 16-Dec-2017 15:04:27 GMT; domain=.paypal.com; path=/; Secure; HttpOnly
Set-Cookie: Apache=10.72.108.11.1450364667013901; path=/; expires=Sat, 09-Dec-45 15:04:27 GMT
Vary: Accept-Encoding,User-Agent
Connection: close
Paypal-Debug-Id: 1183673df368c
Set-Cookie: X-PP-SILOVER=name%3DSANDBOX3.WEB.1%26silo_version%3D880%26app%3Dappdispatcher%26TIME%3D4207833686; domain=.paypal.com; path=/; Secure; HttpOnly
Set-Cookie: X-PP-SILOVER=; Expires=Thu, 01 Jan 1970 00:00:01 GMT
Set-Cookie: Apache=10.72.128.11.1450364666996813; path=/; expires=Sat, 09-Dec-45 15:04:26 GMT
Strict-Transport-Security: max-age=14400
Transfer-Encoding: chunked
Content-Type: text/html; charset=UTF-8

VERIFIED


5. Verified IPN [2015-12-18 00:04:27 Asia/Seoul] : 
cmd=_notify-validate&mc_gross=3.25&invoice=BUY-20151218000349&protection_eligibility=Eligible&address_status=confirmed&payer_id=3F7H5NPQR2MXL&tax=0.00&address_street=1+Main+St&payment_date=07%3A04%3A19+Dec+17%2C+2015+PST&payment_status=Completed&charset=windows-1252&address_zip=95131&first_name=test&mc_fee=0.39&address_country_code=US&address_name=test+buyer&notify_version=3.8&custom=&payer_status=verified&business=goodr00-facilitator%40naver.com&address_country=United+States&address_city=San+Jose&quantity=1&verify_sign=AQP3jQsZ5Rm.q2HXFg3tYOEB-.DMALQPNCkW5nqRX7oF2X2Os.XDSfHa&payer_email=goodr00-buyer%40naver.com&txn_id=9PY22583K98193031&payment_type=instant&last_name=buyer&address_state=CA&receiver_email=goodr00-facilitator%40naver.com&payment_fee=0.39&receiver_id=4M48DLDDTGF3G&txn_type=web_accept&item_name=&mc_currency=USD&item_number=&residence_country=US&test_ipn=1&handling_amount=0.00&transaction_subject=&payment_gross=3.25&shipping=0.00&ipn_track_id=39eab7f794d0a 


