1. reading posted data [2015-12-17 12:03:07 Asia/Seoul] : 
Array
(
    [mc_gross] => 440655.60
    [invoice] => BUY-20151217120255
    [protection_eligibility] => Eligible
    [address_status] => confirmed
    [payer_id] => 3F7H5NPQR2MXL
    [tax] => 0.00
    [address_street] => 1 Main St
    [payment_date] => 19:03:03 Dec 16, 2015 PST
    [payment_status] => Completed
    [charset] => windows-1252
    [address_zip] => 95131
    [first_name] => test
    [mc_fee] => 12779.31
    [address_country_code] => US
    [address_name] => test buyer
    [notify_version] => 3.8
    [custom] => 
    [payer_status] => verified
    [business] => goodr00-facilitator@naver.com
    [address_country] => United States
    [address_city] => San Jose
    [quantity] => 1
    [verify_sign] => A.7n6Acd75CB8FdbeZyRGF.BoVPlAATWcStbvLzVrqt4TpBOV5coCTeX
    [payer_email] => goodr00-buyer@naver.com
    [txn_id] => 8N0257549B825033D
    [payment_type] => instant
    [last_name] => buyer
    [address_state] => CA
    [receiver_email] => goodr00-facilitator@naver.com
    [payment_fee] => 12779.31
    [receiver_id] => 4M48DLDDTGF3G
    [txn_type] => web_accept
    [item_name] => 
    [mc_currency] => USD
    [item_number] => 
    [residence_country] => US
    [test_ipn] => 1
    [handling_amount] => 0.00
    [transaction_subject] => 
    [payment_gross] => 440655.60
    [shipping] => 0.00
    [ipn_track_id] => 14febf0874253
)



2. make request data [2015-12-17 12:03:07 Asia/Seoul] : 
cmd=_notify-validate&mc_gross=440655.60&invoice=BUY-20151217120255&protection_eligibility=Eligible&address_status=confirmed&payer_id=3F7H5NPQR2MXL&tax=0.00&address_street=1+Main+St&payment_date=19%3A03%3A03+Dec+16%2C+2015+PST&payment_status=Completed&charset=windows-1252&address_zip=95131&first_name=test&mc_fee=12779.31&address_country_code=US&address_name=test+buyer&notify_version=3.8&custom=&payer_status=verified&business=goodr00-facilitator%40naver.com&address_country=United+States&address_city=San+Jose&quantity=1&verify_sign=A.7n6Acd75CB8FdbeZyRGF.BoVPlAATWcStbvLzVrqt4TpBOV5coCTeX&payer_email=goodr00-buyer%40naver.com&txn_id=8N0257549B825033D&payment_type=instant&last_name=buyer&address_state=CA&receiver_email=goodr00-facilitator%40naver.com&payment_fee=12779.31&receiver_id=4M48DLDDTGF3G&txn_type=web_accept&item_name=&mc_currency=USD&item_number=&residence_country=US&test_ipn=1&handling_amount=0.00&transaction_subject=&payment_gross=440655.60&shipping=0.00&ipn_track_id=14febf0874253


3. CURL Request [2015-12-17 12:03:09 Asia/Seoul] : 
HTTP request of validation request:POST /cgi-bin/webscr HTTP/1.1
Host: www.sandbox.paypal.com
Accept: */*
Connection: Close
Content-Length: 1001
Content-Type: application/x-www-form-urlencoded

cmd=_notify-validate&mc_gross=440655.60&invoice=BUY-20151217120255&protection_eligibility=Eligible&address_status=confirmed&payer_id=3F7H5NPQR2MXL&tax=0.00&address_street=1+Main+St&payment_date=19%3A03%3A03+Dec+16%2C+2015+PST&payment_status=Completed&charset=windows-1252&address_zip=95131&first_name=test&mc_fee=12779.31&address_country_code=US&address_name=test+buyer&notify_version=3.8&custom=&payer_status=verified&business=goodr00-facilitator%40naver.com&address_country=United+States&address_city=San+Jose&quantity=1&verify_sign=A.7n6Acd75CB8FdbeZyRGF.BoVPlAATWcStbvLzVrqt4TpBOV5coCTeX&payer_email=goodr00-buyer%40naver.com&txn_id=8N0257549B825033D&payment_type=instant&last_name=buyer&address_state=CA&receiver_email=goodr00-facilitator%40naver.com&payment_fee=12779.31&receiver_id=4M48DLDDTGF3G&txn_type=web_accept&item_name=&mc_currency=USD&item_number=&residence_country=US&test_ipn=1&handling_amount=0.00&transaction_subject=&payment_gross=440655.60&shipping=0.00&ipn_track_id=14febf0874253 for IPN payload: cmd=_notify-validate&mc_gross=440655.60&invoice=BUY-20151217120255&protection_eligibility=Eligible&address_status=confirmed&payer_id=3F7H5NPQR2MXL&tax=0.00&address_street=1+Main+St&payment_date=19%3A03%3A03+Dec+16%2C+2015+PST&payment_status=Completed&charset=windows-1252&address_zip=95131&first_name=test&mc_fee=12779.31&address_country_code=US&address_name=test+buyer&notify_version=3.8&custom=&payer_status=verified&business=goodr00-facilitator%40naver.com&address_country=United+States&address_city=San+Jose&quantity=1&verify_sign=A.7n6Acd75CB8FdbeZyRGF.BoVPlAATWcStbvLzVrqt4TpBOV5coCTeX&payer_email=goodr00-buyer%40naver.com&txn_id=8N0257549B825033D&payment_type=instant&last_name=buyer&address_state=CA&receiver_email=goodr00-facilitator%40naver.com&payment_fee=12779.31&receiver_id=4M48DLDDTGF3G&txn_type=web_accept&item_name=&mc_currency=USD&item_number=&residence_country=US&test_ipn=1&handling_amount=0.00&transaction_subject=&payment_gross=440655.60&shipping=0.00&ipn_track_id=14febf0874253


4. CURL Response [2015-12-17 12:03:09 Asia/Seoul] : 
HTTP response of validation request: HTTP/1.1 200 OK
Date: Thu, 17 Dec 2015 03:03:09 GMT
Server: Apache
X-Frame-Options: SAMEORIGIN
Set-Cookie: c9MWDuvPtT9GIMyPc3jwol1VSlO=U-TM4PJr2FFcVydW77tiP7kOd2U9WmA17WFT0KAD1EfY4sCUOy5OUa22xVvXbusXVRiyb6ubmPXspYjfGWL5hfiSh8JyrXKpUZ38DvBWQ8fsdQrhtnN2owuWC_SQ9UkKb1PmhKGmQxbASRHskGcHD1ZItVLPfhZK4O9ya9H1Huh4EWM4rOaS5nNmisnNi43AiADGl1jbcRQt_LRr7Imdt8ExFBrglBft-XrXPkWCF6Arl1LjP85eUswBadfIHoboXspfVya-5ZCO2gpZgE0Ej0CBJ1jpQqeKM-_VJlOsFLxKCHF34BXEaTSwats_6tkqQFrS4WSegarJRA-sdCMAPwl4sFe8_U35ZqP25npJf8d_Zpog3Zgo9kxKQpZLbIcLozGHuSyN_0NEgn1BARhwaFkIDT2PslC-xXCMwB5vs_wXPaN3UxE37Wco7Om; domain=.paypal.com; path=/; Secure; HttpOnly
Set-Cookie: cookie_check=yes; expires=Sun, 14-Dec-2025 03:03:09 GMT; domain=.paypal.com; path=/; Secure; HttpOnly
Set-Cookie: navcmd=_notify-validate; domain=.paypal.com; path=/; Secure; HttpOnly
Set-Cookie: navlns=0.0; expires=Sat, 16-Dec-2017 03:03:09 GMT; domain=.paypal.com; path=/; Secure; HttpOnly
Set-Cookie: Apache=10.72.108.11.1450321389326013; path=/; expires=Sat, 09-Dec-45 03:03:09 GMT
Vary: Accept-Encoding,User-Agent
Connection: close
Paypal-Debug-Id: d26ef9624b730
Set-Cookie: X-PP-SILOVER=name%3DSANDBOX3.WEB.1%26silo_version%3D880%26app%3Dappdispatcher%26TIME%3D3978654294; domain=.paypal.com; path=/; Secure; HttpOnly
Set-Cookie: X-PP-SILOVER=; Expires=Thu, 01 Jan 1970 00:00:01 GMT
Set-Cookie: Apache=10.72.128.11.1450321389308859; path=/; expires=Sat, 09-Dec-45 03:03:09 GMT
Strict-Transport-Security: max-age=14400
Transfer-Encoding: chunked
Content-Type: text/html; charset=UTF-8

VERIFIED


5. Verified IPN [2015-12-17 12:03:09 Asia/Seoul] : 
cmd=_notify-validate&mc_gross=440655.60&invoice=BUY-20151217120255&protection_eligibility=Eligible&address_status=confirmed&payer_id=3F7H5NPQR2MXL&tax=0.00&address_street=1+Main+St&payment_date=19%3A03%3A03+Dec+16%2C+2015+PST&payment_status=Completed&charset=windows-1252&address_zip=95131&first_name=test&mc_fee=12779.31&address_country_code=US&address_name=test+buyer&notify_version=3.8&custom=&payer_status=verified&business=goodr00-facilitator%40naver.com&address_country=United+States&address_city=San+Jose&quantity=1&verify_sign=A.7n6Acd75CB8FdbeZyRGF.BoVPlAATWcStbvLzVrqt4TpBOV5coCTeX&payer_email=goodr00-buyer%40naver.com&txn_id=8N0257549B825033D&payment_type=instant&last_name=buyer&address_state=CA&receiver_email=goodr00-facilitator%40naver.com&payment_fee=12779.31&receiver_id=4M48DLDDTGF3G&txn_type=web_accept&item_name=&mc_currency=USD&item_number=&residence_country=US&test_ipn=1&handling_amount=0.00&transaction_subject=&payment_gross=440655.60&shipping=0.00&ipn_track_id=14febf0874253 


