1. reading posted data [2015-12-17 03:42:43 Asia/Seoul] : 
Array
(
    [mc_gross] => 24.00
    [invoice] => BUY-20151217034217
    [protection_eligibility] => Eligible
    [address_status] => confirmed
    [payer_id] => 3F7H5NPQR2MXL
    [tax] => 0.00
    [address_street] => 1 Main St
    [payment_date] => 10:42:35 Dec 16, 2015 PST
    [payment_status] => Completed
    [charset] => windows-1252
    [address_zip] => 95131
    [first_name] => test
    [mc_fee] => 1.00
    [address_country_code] => US
    [address_name] => test buyer
    [notify_version] => 3.8
    [custom] => 
    [payer_status] => verified
    [business] => goodr00-facilitator@naver.com
    [address_country] => United States
    [address_city] => San Jose
    [quantity] => 1
    [verify_sign] => Ao1TRQoGtTq6wrBbOWd7pd1TABrzAfeg90cE22XoRMJlkTff2z2.iZkQ
    [payer_email] => goodr00-buyer@naver.com
    [txn_id] => 75741620DX048014M
    [payment_type] => instant
    [last_name] => buyer
    [address_state] => CA
    [receiver_email] => goodr00-facilitator@naver.com
    [payment_fee] => 1.00
    [receiver_id] => 4M48DLDDTGF3G
    [txn_type] => web_accept
    [item_name] => 
    [mc_currency] => USD
    [item_number] => 
    [residence_country] => US
    [test_ipn] => 1
    [handling_amount] => 0.00
    [transaction_subject] => 
    [payment_gross] => 24.00
    [shipping] => 0.00
    [ipn_track_id] => a72b708c830d3
)



2. make request data [2015-12-17 03:42:43 Asia/Seoul] : 
cmd=_notify-validate&mc_gross=24.00&invoice=BUY-20151217034217&protection_eligibility=Eligible&address_status=confirmed&payer_id=3F7H5NPQR2MXL&tax=0.00&address_street=1+Main+St&payment_date=10%3A42%3A35+Dec+16%2C+2015+PST&payment_status=Completed&charset=windows-1252&address_zip=95131&first_name=test&mc_fee=1.00&address_country_code=US&address_name=test+buyer&notify_version=3.8&custom=&payer_status=verified&business=goodr00-facilitator%40naver.com&address_country=United+States&address_city=San+Jose&quantity=1&verify_sign=Ao1TRQoGtTq6wrBbOWd7pd1TABrzAfeg90cE22XoRMJlkTff2z2.iZkQ&payer_email=goodr00-buyer%40naver.com&txn_id=75741620DX048014M&payment_type=instant&last_name=buyer&address_state=CA&receiver_email=goodr00-facilitator%40naver.com&payment_fee=1.00&receiver_id=4M48DLDDTGF3G&txn_type=web_accept&item_name=&mc_currency=USD&item_number=&residence_country=US&test_ipn=1&handling_amount=0.00&transaction_subject=&payment_gross=24.00&shipping=0.00&ipn_track_id=a72b708c830d3


3. CURL Request [2015-12-17 03:42:45 Asia/Seoul] : 
HTTP request of validation request:POST /cgi-bin/webscr HTTP/1.1
Host: www.sandbox.paypal.com
Accept: */*
Connection: Close
Content-Length: 985
Content-Type: application/x-www-form-urlencoded

cmd=_notify-validate&mc_gross=24.00&invoice=BUY-20151217034217&protection_eligibility=Eligible&address_status=confirmed&payer_id=3F7H5NPQR2MXL&tax=0.00&address_street=1+Main+St&payment_date=10%3A42%3A35+Dec+16%2C+2015+PST&payment_status=Completed&charset=windows-1252&address_zip=95131&first_name=test&mc_fee=1.00&address_country_code=US&address_name=test+buyer&notify_version=3.8&custom=&payer_status=verified&business=goodr00-facilitator%40naver.com&address_country=United+States&address_city=San+Jose&quantity=1&verify_sign=Ao1TRQoGtTq6wrBbOWd7pd1TABrzAfeg90cE22XoRMJlkTff2z2.iZkQ&payer_email=goodr00-buyer%40naver.com&txn_id=75741620DX048014M&payment_type=instant&last_name=buyer&address_state=CA&receiver_email=goodr00-facilitator%40naver.com&payment_fee=1.00&receiver_id=4M48DLDDTGF3G&txn_type=web_accept&item_name=&mc_currency=USD&item_number=&residence_country=US&test_ipn=1&handling_amount=0.00&transaction_subject=&payment_gross=24.00&shipping=0.00&ipn_track_id=a72b708c830d3 for IPN payload: cmd=_notify-validate&mc_gross=24.00&invoice=BUY-20151217034217&protection_eligibility=Eligible&address_status=confirmed&payer_id=3F7H5NPQR2MXL&tax=0.00&address_street=1+Main+St&payment_date=10%3A42%3A35+Dec+16%2C+2015+PST&payment_status=Completed&charset=windows-1252&address_zip=95131&first_name=test&mc_fee=1.00&address_country_code=US&address_name=test+buyer&notify_version=3.8&custom=&payer_status=verified&business=goodr00-facilitator%40naver.com&address_country=United+States&address_city=San+Jose&quantity=1&verify_sign=Ao1TRQoGtTq6wrBbOWd7pd1TABrzAfeg90cE22XoRMJlkTff2z2.iZkQ&payer_email=goodr00-buyer%40naver.com&txn_id=75741620DX048014M&payment_type=instant&last_name=buyer&address_state=CA&receiver_email=goodr00-facilitator%40naver.com&payment_fee=1.00&receiver_id=4M48DLDDTGF3G&txn_type=web_accept&item_name=&mc_currency=USD&item_number=&residence_country=US&test_ipn=1&handling_amount=0.00&transaction_subject=&payment_gross=24.00&shipping=0.00&ipn_track_id=a72b708c830d3


4. CURL Response [2015-12-17 03:42:45 Asia/Seoul] : 
HTTP response of validation request: HTTP/1.1 200 OK
Date: Wed, 16 Dec 2015 18:42:44 GMT
Server: Apache
X-Frame-Options: SAMEORIGIN
Set-Cookie: c9MWDuvPtT9GIMyPc3jwol1VSlO=0cHH8FImZca_VwtYwGHH1u4HX4_5FBxVdlleIkSqhQrE2G4XXJYINJCbMnlpwUIa8Lm50Wjoi4ChKfJ21SS59FnESRLkkdbdJJbtKwDDvMFGc-nEuF7lo8U3cfsDLtYUZ9Bm2r31D3DvxSs5Hl2g7NFjnVJ3CMku9anIWUHfQZFcz6me-UvF2kTyZJLivg4_9FC5hcygSiu56v2bVXy-Tfo9EbYnNQzlBaYy8IdjOWgK1Di18VVjITJ1YkkiM7jvQ7SeTGhD89z8yd_vuVWT_BL9GkwcVP3gy9QL-HnWDLf71QuKQ_ll5RrQgphtVLXkaQbsZbo0dhNvnA38y9AK-NPeDpAXxDyZ0kKl-TgBjWuOWjxu5Y4JRHCMEU9xT73r4eWm9ewueVi-J9iIjBPNwZC5sgNpX9HoXnYel0DZt9dXmanYEipiL4DJJqu; domain=.paypal.com; path=/; Secure; HttpOnly
Set-Cookie: cookie_check=yes; expires=Sat, 13-Dec-2025 18:42:44 GMT; domain=.paypal.com; path=/; Secure; HttpOnly
Set-Cookie: navcmd=_notify-validate; domain=.paypal.com; path=/; Secure; HttpOnly
Set-Cookie: navlns=0.0; expires=Fri, 15-Dec-2017 18:42:44 GMT; domain=.paypal.com; path=/; Secure; HttpOnly
Set-Cookie: Apache=10.72.108.11.1450291364462981; path=/; expires=Fri, 08-Dec-45 18:42:44 GMT
Vary: Accept-Encoding,User-Agent
Connection: close
Paypal-Debug-Id: d819ee9c6d03f
Set-Cookie: X-PP-SILOVER=name%3DSANDBOX3.WEB.1%26silo_version%3D880%26app%3Dappdispatcher%26TIME%3D2763026774; domain=.paypal.com; path=/; Secure; HttpOnly
Set-Cookie: X-PP-SILOVER=; Expires=Thu, 01 Jan 1970 00:00:01 GMT
Set-Cookie: Apache=10.72.128.11.1450291364446290; path=/; expires=Fri, 08-Dec-45 18:42:44 GMT
Strict-Transport-Security: max-age=14400
Transfer-Encoding: chunked
Content-Type: text/html; charset=UTF-8

VERIFIED


5. Verified IPN [2015-12-17 03:42:45 Asia/Seoul] : 
cmd=_notify-validate&mc_gross=24.00&invoice=BUY-20151217034217&protection_eligibility=Eligible&address_status=confirmed&payer_id=3F7H5NPQR2MXL&tax=0.00&address_street=1+Main+St&payment_date=10%3A42%3A35+Dec+16%2C+2015+PST&payment_status=Completed&charset=windows-1252&address_zip=95131&first_name=test&mc_fee=1.00&address_country_code=US&address_name=test+buyer&notify_version=3.8&custom=&payer_status=verified&business=goodr00-facilitator%40naver.com&address_country=United+States&address_city=San+Jose&quantity=1&verify_sign=Ao1TRQoGtTq6wrBbOWd7pd1TABrzAfeg90cE22XoRMJlkTff2z2.iZkQ&payer_email=goodr00-buyer%40naver.com&txn_id=75741620DX048014M&payment_type=instant&last_name=buyer&address_state=CA&receiver_email=goodr00-facilitator%40naver.com&payment_fee=1.00&receiver_id=4M48DLDDTGF3G&txn_type=web_accept&item_name=&mc_currency=USD&item_number=&residence_country=US&test_ipn=1&handling_amount=0.00&transaction_subject=&payment_gross=24.00&shipping=0.00&ipn_track_id=a72b708c830d3 


