1. reading posted data [2015-12-17 23:20:29 Asia/Seoul] : 
Array
(
    [mc_gross] => 5081.23
    [invoice] => BUY-20151217231930
    [protection_eligibility] => Eligible
    [address_status] => confirmed
    [payer_id] => 3F7H5NPQR2MXL
    [tax] => 0.00
    [address_street] => 1 Main St
    [payment_date] => 06:20:24 Dec 17, 2015 PST
    [payment_status] => Completed
    [charset] => windows-1252
    [address_zip] => 95131
    [first_name] => test
    [mc_fee] => 147.66
    [address_country_code] => US
    [address_name] => test buyer
    [notify_version] => 3.8
    [custom] => 
    [payer_status] => verified
    [business] => goodr00-facilitator@naver.com
    [address_country] => United States
    [address_city] => San Jose
    [quantity] => 1
    [verify_sign] => AP2lV1hJVtKLcf75lcfaASElFUo.A-O9bFbKRfYEQXmE13XZ3SNU6yW0
    [payer_email] => goodr00-buyer@naver.com
    [txn_id] => 5X09208824991892P
    [payment_type] => instant
    [last_name] => buyer
    [address_state] => CA
    [receiver_email] => goodr00-facilitator@naver.com
    [payment_fee] => 147.66
    [receiver_id] => 4M48DLDDTGF3G
    [txn_type] => web_accept
    [item_name] => 
    [mc_currency] => USD
    [item_number] => 
    [residence_country] => US
    [test_ipn] => 1
    [handling_amount] => 0.00
    [transaction_subject] => 
    [payment_gross] => 5081.23
    [shipping] => 0.00
    [ipn_track_id] => a443e760efda2
)



2. make request data [2015-12-17 23:20:29 Asia/Seoul] : 
cmd=_notify-validate&mc_gross=5081.23&invoice=BUY-20151217231930&protection_eligibility=Eligible&address_status=confirmed&payer_id=3F7H5NPQR2MXL&tax=0.00&address_street=1+Main+St&payment_date=06%3A20%3A24+Dec+17%2C+2015+PST&payment_status=Completed&charset=windows-1252&address_zip=95131&first_name=test&mc_fee=147.66&address_country_code=US&address_name=test+buyer&notify_version=3.8&custom=&payer_status=verified&business=goodr00-facilitator%40naver.com&address_country=United+States&address_city=San+Jose&quantity=1&verify_sign=AP2lV1hJVtKLcf75lcfaASElFUo.A-O9bFbKRfYEQXmE13XZ3SNU6yW0&payer_email=goodr00-buyer%40naver.com&txn_id=5X09208824991892P&payment_type=instant&last_name=buyer&address_state=CA&receiver_email=goodr00-facilitator%40naver.com&payment_fee=147.66&receiver_id=4M48DLDDTGF3G&txn_type=web_accept&item_name=&mc_currency=USD&item_number=&residence_country=US&test_ipn=1&handling_amount=0.00&transaction_subject=&payment_gross=5081.23&shipping=0.00&ipn_track_id=a443e760efda2


3. CURL Request [2015-12-17 23:20:30 Asia/Seoul] : 
HTTP request of validation request:POST /cgi-bin/webscr HTTP/1.1
Host: www.sandbox.paypal.com
Accept: */*
Connection: Close
Content-Length: 993
Content-Type: application/x-www-form-urlencoded

cmd=_notify-validate&mc_gross=5081.23&invoice=BUY-20151217231930&protection_eligibility=Eligible&address_status=confirmed&payer_id=3F7H5NPQR2MXL&tax=0.00&address_street=1+Main+St&payment_date=06%3A20%3A24+Dec+17%2C+2015+PST&payment_status=Completed&charset=windows-1252&address_zip=95131&first_name=test&mc_fee=147.66&address_country_code=US&address_name=test+buyer&notify_version=3.8&custom=&payer_status=verified&business=goodr00-facilitator%40naver.com&address_country=United+States&address_city=San+Jose&quantity=1&verify_sign=AP2lV1hJVtKLcf75lcfaASElFUo.A-O9bFbKRfYEQXmE13XZ3SNU6yW0&payer_email=goodr00-buyer%40naver.com&txn_id=5X09208824991892P&payment_type=instant&last_name=buyer&address_state=CA&receiver_email=goodr00-facilitator%40naver.com&payment_fee=147.66&receiver_id=4M48DLDDTGF3G&txn_type=web_accept&item_name=&mc_currency=USD&item_number=&residence_country=US&test_ipn=1&handling_amount=0.00&transaction_subject=&payment_gross=5081.23&shipping=0.00&ipn_track_id=a443e760efda2 for IPN payload: cmd=_notify-validate&mc_gross=5081.23&invoice=BUY-20151217231930&protection_eligibility=Eligible&address_status=confirmed&payer_id=3F7H5NPQR2MXL&tax=0.00&address_street=1+Main+St&payment_date=06%3A20%3A24+Dec+17%2C+2015+PST&payment_status=Completed&charset=windows-1252&address_zip=95131&first_name=test&mc_fee=147.66&address_country_code=US&address_name=test+buyer&notify_version=3.8&custom=&payer_status=verified&business=goodr00-facilitator%40naver.com&address_country=United+States&address_city=San+Jose&quantity=1&verify_sign=AP2lV1hJVtKLcf75lcfaASElFUo.A-O9bFbKRfYEQXmE13XZ3SNU6yW0&payer_email=goodr00-buyer%40naver.com&txn_id=5X09208824991892P&payment_type=instant&last_name=buyer&address_state=CA&receiver_email=goodr00-facilitator%40naver.com&payment_fee=147.66&receiver_id=4M48DLDDTGF3G&txn_type=web_accept&item_name=&mc_currency=USD&item_number=&residence_country=US&test_ipn=1&handling_amount=0.00&transaction_subject=&payment_gross=5081.23&shipping=0.00&ipn_track_id=a443e760efda2


4. CURL Response [2015-12-17 23:20:30 Asia/Seoul] : 
HTTP response of validation request: HTTP/1.1 200 OK
Date: Thu, 17 Dec 2015 14:20:30 GMT
Server: Apache
X-Frame-Options: SAMEORIGIN
Set-Cookie: c9MWDuvPtT9GIMyPc3jwol1VSlO=dAlOGhKYhMTmjbrLK0svLepiV86caY4SEbrzD2rye0Ao0TsOheyjiW_EzW9qkFvlwHDM9S2xpFsc8gIuj5vGTv30PMYs2EIyIofCFtp24rQIGJsXifcNHzh9BFqnZxiKdHoi3QfBRt4i4Et32QErNpSlpSitaJShdNf8o-x1NNrTtf38inuo1mJT_GE6gVKwh2SEFaPlkGM1RjC8f391HTrRqaSOCx4ComuE2A8kp8qzHWwCahNNCcdyb5lK3z56dHsfg7dYoYg7-IMAb9dS00q_IWUpFXFlGbeN7AdhT7ueeLGKE5lGbfix3vdE1hbcH_Ng0QI2x8_DPX4CQoexYzd5Woog21iSBMzLOwxlF3eRCenczvJAhANAF8dinXYa0xRY7FaN0znVHaV47mt8ZWyBMToLeqccni5QwRM95lFT_5abOvwMsVmC7tu; domain=.paypal.com; path=/; Secure; HttpOnly
Set-Cookie: cookie_check=yes; expires=Sun, 14-Dec-2025 14:20:30 GMT; domain=.paypal.com; path=/; Secure; HttpOnly
Set-Cookie: navcmd=_notify-validate; domain=.paypal.com; path=/; Secure; HttpOnly
Set-Cookie: navlns=0.0; expires=Sat, 16-Dec-2017 14:20:30 GMT; domain=.paypal.com; path=/; Secure; HttpOnly
Set-Cookie: Apache=10.72.108.11.1450362030237746; path=/; expires=Sat, 09-Dec-45 14:20:30 GMT
Vary: Accept-Encoding,User-Agent
Connection: close
Paypal-Debug-Id: 3d1d130135eaa
Set-Cookie: X-PP-SILOVER=name%3DSANDBOX3.WEB.1%26silo_version%3D880%26app%3Dappdispatcher%26TIME%3D2932109910; domain=.paypal.com; path=/; Secure; HttpOnly
Set-Cookie: X-PP-SILOVER=; Expires=Thu, 01 Jan 1970 00:00:01 GMT
Set-Cookie: Apache=10.72.128.11.1450362030220684; path=/; expires=Sat, 09-Dec-45 14:20:30 GMT
Strict-Transport-Security: max-age=14400
Transfer-Encoding: chunked
Content-Type: text/html; charset=UTF-8

VERIFIED


5. Verified IPN [2015-12-17 23:20:30 Asia/Seoul] : 
cmd=_notify-validate&mc_gross=5081.23&invoice=BUY-20151217231930&protection_eligibility=Eligible&address_status=confirmed&payer_id=3F7H5NPQR2MXL&tax=0.00&address_street=1+Main+St&payment_date=06%3A20%3A24+Dec+17%2C+2015+PST&payment_status=Completed&charset=windows-1252&address_zip=95131&first_name=test&mc_fee=147.66&address_country_code=US&address_name=test+buyer&notify_version=3.8&custom=&payer_status=verified&business=goodr00-facilitator%40naver.com&address_country=United+States&address_city=San+Jose&quantity=1&verify_sign=AP2lV1hJVtKLcf75lcfaASElFUo.A-O9bFbKRfYEQXmE13XZ3SNU6yW0&payer_email=goodr00-buyer%40naver.com&txn_id=5X09208824991892P&payment_type=instant&last_name=buyer&address_state=CA&receiver_email=goodr00-facilitator%40naver.com&payment_fee=147.66&receiver_id=4M48DLDDTGF3G&txn_type=web_accept&item_name=&mc_currency=USD&item_number=&residence_country=US&test_ipn=1&handling_amount=0.00&transaction_subject=&payment_gross=5081.23&shipping=0.00&ipn_track_id=a443e760efda2 


