1. reading posted data [2015-12-17 11:37:30 Asia/Seoul] : 
Array
(
    [mc_gross] => 120.00
    [invoice] => BUY-20151217113710
    [protection_eligibility] => Eligible
    [address_status] => confirmed
    [payer_id] => 3F7H5NPQR2MXL
    [tax] => 0.00
    [address_street] => 1 Main St
    [payment_date] => 18:37:23 Dec 16, 2015 PST
    [payment_status] => Completed
    [charset] => windows-1252
    [address_zip] => 95131
    [first_name] => test
    [mc_fee] => 3.78
    [address_country_code] => US
    [address_name] => test buyer
    [notify_version] => 3.8
    [custom] => 
    [payer_status] => verified
    [business] => goodr00-facilitator@naver.com
    [address_country] => United States
    [address_city] => San Jose
    [quantity] => 1
    [verify_sign] => AZClmmLa3nzYQGLRKB9ojmB0673BA8-LRsNtO.HiEYrAPTxdn9GYojsH
    [payer_email] => goodr00-buyer@naver.com
    [txn_id] => 9P207983GW511971T
    [payment_type] => instant
    [last_name] => buyer
    [address_state] => CA
    [receiver_email] => goodr00-facilitator@naver.com
    [payment_fee] => 3.78
    [receiver_id] => 4M48DLDDTGF3G
    [txn_type] => web_accept
    [item_name] => 
    [mc_currency] => USD
    [item_number] => 
    [residence_country] => US
    [test_ipn] => 1
    [handling_amount] => 0.00
    [transaction_subject] => 
    [payment_gross] => 120.00
    [shipping] => 0.00
    [ipn_track_id] => 401c6aca51a92
)



2. make request data [2015-12-17 11:37:30 Asia/Seoul] : 
cmd=_notify-validate&mc_gross=120.00&invoice=BUY-20151217113710&protection_eligibility=Eligible&address_status=confirmed&payer_id=3F7H5NPQR2MXL&tax=0.00&address_street=1+Main+St&payment_date=18%3A37%3A23+Dec+16%2C+2015+PST&payment_status=Completed&charset=windows-1252&address_zip=95131&first_name=test&mc_fee=3.78&address_country_code=US&address_name=test+buyer&notify_version=3.8&custom=&payer_status=verified&business=goodr00-facilitator%40naver.com&address_country=United+States&address_city=San+Jose&quantity=1&verify_sign=AZClmmLa3nzYQGLRKB9ojmB0673BA8-LRsNtO.HiEYrAPTxdn9GYojsH&payer_email=goodr00-buyer%40naver.com&txn_id=9P207983GW511971T&payment_type=instant&last_name=buyer&address_state=CA&receiver_email=goodr00-facilitator%40naver.com&payment_fee=3.78&receiver_id=4M48DLDDTGF3G&txn_type=web_accept&item_name=&mc_currency=USD&item_number=&residence_country=US&test_ipn=1&handling_amount=0.00&transaction_subject=&payment_gross=120.00&shipping=0.00&ipn_track_id=401c6aca51a92


3. CURL Request [2015-12-17 11:37:31 Asia/Seoul] : 
HTTP request of validation request:POST /cgi-bin/webscr HTTP/1.1
Host: www.sandbox.paypal.com
Accept: */*
Connection: Close
Content-Length: 987
Content-Type: application/x-www-form-urlencoded

cmd=_notify-validate&mc_gross=120.00&invoice=BUY-20151217113710&protection_eligibility=Eligible&address_status=confirmed&payer_id=3F7H5NPQR2MXL&tax=0.00&address_street=1+Main+St&payment_date=18%3A37%3A23+Dec+16%2C+2015+PST&payment_status=Completed&charset=windows-1252&address_zip=95131&first_name=test&mc_fee=3.78&address_country_code=US&address_name=test+buyer&notify_version=3.8&custom=&payer_status=verified&business=goodr00-facilitator%40naver.com&address_country=United+States&address_city=San+Jose&quantity=1&verify_sign=AZClmmLa3nzYQGLRKB9ojmB0673BA8-LRsNtO.HiEYrAPTxdn9GYojsH&payer_email=goodr00-buyer%40naver.com&txn_id=9P207983GW511971T&payment_type=instant&last_name=buyer&address_state=CA&receiver_email=goodr00-facilitator%40naver.com&payment_fee=3.78&receiver_id=4M48DLDDTGF3G&txn_type=web_accept&item_name=&mc_currency=USD&item_number=&residence_country=US&test_ipn=1&handling_amount=0.00&transaction_subject=&payment_gross=120.00&shipping=0.00&ipn_track_id=401c6aca51a92 for IPN payload: cmd=_notify-validate&mc_gross=120.00&invoice=BUY-20151217113710&protection_eligibility=Eligible&address_status=confirmed&payer_id=3F7H5NPQR2MXL&tax=0.00&address_street=1+Main+St&payment_date=18%3A37%3A23+Dec+16%2C+2015+PST&payment_status=Completed&charset=windows-1252&address_zip=95131&first_name=test&mc_fee=3.78&address_country_code=US&address_name=test+buyer&notify_version=3.8&custom=&payer_status=verified&business=goodr00-facilitator%40naver.com&address_country=United+States&address_city=San+Jose&quantity=1&verify_sign=AZClmmLa3nzYQGLRKB9ojmB0673BA8-LRsNtO.HiEYrAPTxdn9GYojsH&payer_email=goodr00-buyer%40naver.com&txn_id=9P207983GW511971T&payment_type=instant&last_name=buyer&address_state=CA&receiver_email=goodr00-facilitator%40naver.com&payment_fee=3.78&receiver_id=4M48DLDDTGF3G&txn_type=web_accept&item_name=&mc_currency=USD&item_number=&residence_country=US&test_ipn=1&handling_amount=0.00&transaction_subject=&payment_gross=120.00&shipping=0.00&ipn_track_id=401c6aca51a92


4. CURL Response [2015-12-17 11:37:31 Asia/Seoul] : 
HTTP response of validation request: HTTP/1.1 200 OK
Date: Thu, 17 Dec 2015 02:37:31 GMT
Server: Apache
X-Frame-Options: SAMEORIGIN
Set-Cookie: c9MWDuvPtT9GIMyPc3jwol1VSlO=8BzaVOJXSFJxgqGuJFEbyf9Fqivg6gHD1e8udEOTwsIFoSnsz2bvMwKWmASRMieCZwzGr5sUltLV5fTrsxuV_FcQcBhpFw8GJrb4OGEi3eASDbeHBRuJcSC1Chwhza5LUIGqLfQ43KKkDijEd30miP82PQ-mHdz-2DRELukqT8nBKfyERNs_G_zubVA4-QFnuond_I4x5OGWgENwVV0MkMVxObGofPo1vMcrBCdqHJgtWBAYS7mf-t9CW0OS4e-HhvlEjVMK2ssv9rMUFA49NFU78XnccJPn_QDk7wXZHyRcGAzkbM4Om35ej8SX5mbbBkCKQWutVd9g5YRxjfPGZ_XXgY6quwu-Q95bMQFBA611MjMHjkcTndDKSAhpxpwWOTFOlx7QL_EKcqQTKUodkSrxDR9zbr4vB9QNa4dUOwRNwBUgMP2ucv9mP_m; domain=.paypal.com; path=/; Secure; HttpOnly
Set-Cookie: cookie_check=yes; expires=Sun, 14-Dec-2025 02:37:31 GMT; domain=.paypal.com; path=/; Secure; HttpOnly
Set-Cookie: navcmd=_notify-validate; domain=.paypal.com; path=/; Secure; HttpOnly
Set-Cookie: navlns=0.0; expires=Sat, 16-Dec-2017 02:37:31 GMT; domain=.paypal.com; path=/; Secure; HttpOnly
Set-Cookie: Apache=10.72.108.11.1450319851638365; path=/; expires=Sat, 09-Dec-45 02:37:31 GMT
Vary: Accept-Encoding,User-Agent
Connection: close
Paypal-Debug-Id: 8663c9b96c79
Set-Cookie: X-PP-SILOVER=name%3DSANDBOX3.WEB.1%26silo_version%3D880%26app%3Dappdispatcher%26TIME%3D3944706646; domain=.paypal.com; path=/; Secure; HttpOnly
Set-Cookie: X-PP-SILOVER=; Expires=Thu, 01 Jan 1970 00:00:01 GMT
Set-Cookie: Apache=10.72.128.11.1450319851617160; path=/; expires=Sat, 09-Dec-45 02:37:31 GMT
Strict-Transport-Security: max-age=14400
Transfer-Encoding: chunked
Content-Type: text/html; charset=UTF-8

VERIFIED


5. Verified IPN [2015-12-17 11:37:31 Asia/Seoul] : 
cmd=_notify-validate&mc_gross=120.00&invoice=BUY-20151217113710&protection_eligibility=Eligible&address_status=confirmed&payer_id=3F7H5NPQR2MXL&tax=0.00&address_street=1+Main+St&payment_date=18%3A37%3A23+Dec+16%2C+2015+PST&payment_status=Completed&charset=windows-1252&address_zip=95131&first_name=test&mc_fee=3.78&address_country_code=US&address_name=test+buyer&notify_version=3.8&custom=&payer_status=verified&business=goodr00-facilitator%40naver.com&address_country=United+States&address_city=San+Jose&quantity=1&verify_sign=AZClmmLa3nzYQGLRKB9ojmB0673BA8-LRsNtO.HiEYrAPTxdn9GYojsH&payer_email=goodr00-buyer%40naver.com&txn_id=9P207983GW511971T&payment_type=instant&last_name=buyer&address_state=CA&receiver_email=goodr00-facilitator%40naver.com&payment_fee=3.78&receiver_id=4M48DLDDTGF3G&txn_type=web_accept&item_name=&mc_currency=USD&item_number=&residence_country=US&test_ipn=1&handling_amount=0.00&transaction_subject=&payment_gross=120.00&shipping=0.00&ipn_track_id=401c6aca51a92 


