1. reading posted data [2015-12-17 12:04:31 Asia/Seoul] : 
Array
(
    [mc_gross] => 100.00
    [invoice] => BUY-20151217120418
    [protection_eligibility] => Eligible
    [address_status] => confirmed
    [payer_id] => 3F7H5NPQR2MXL
    [tax] => 0.00
    [address_street] => 1 Main St
    [payment_date] => 19:04:27 Dec 16, 2015 PST
    [payment_status] => Completed
    [charset] => windows-1252
    [address_zip] => 95131
    [first_name] => test
    [mc_fee] => 3.20
    [address_country_code] => US
    [address_name] => test buyer
    [notify_version] => 3.8
    [custom] => 
    [payer_status] => verified
    [business] => goodr00-facilitator@naver.com
    [address_country] => United States
    [address_city] => San Jose
    [quantity] => 1
    [verify_sign] => ApKghSivOFtm6Gk7Iqy6QZvljWTIASpe.q3Vm0LoBZMsHenDWydlOukF
    [payer_email] => goodr00-buyer@naver.com
    [txn_id] => 9GK14842PK581211Y
    [payment_type] => instant
    [last_name] => buyer
    [address_state] => CA
    [receiver_email] => goodr00-facilitator@naver.com
    [payment_fee] => 3.20
    [receiver_id] => 4M48DLDDTGF3G
    [txn_type] => web_accept
    [item_name] => 
    [mc_currency] => USD
    [item_number] => 
    [residence_country] => US
    [test_ipn] => 1
    [handling_amount] => 0.00
    [transaction_subject] => 
    [payment_gross] => 100.00
    [shipping] => 0.00
    [ipn_track_id] => c20adf6cccca9
)



2. make request data [2015-12-17 12:04:31 Asia/Seoul] : 
cmd=_notify-validate&mc_gross=100.00&invoice=BUY-20151217120418&protection_eligibility=Eligible&address_status=confirmed&payer_id=3F7H5NPQR2MXL&tax=0.00&address_street=1+Main+St&payment_date=19%3A04%3A27+Dec+16%2C+2015+PST&payment_status=Completed&charset=windows-1252&address_zip=95131&first_name=test&mc_fee=3.20&address_country_code=US&address_name=test+buyer&notify_version=3.8&custom=&payer_status=verified&business=goodr00-facilitator%40naver.com&address_country=United+States&address_city=San+Jose&quantity=1&verify_sign=ApKghSivOFtm6Gk7Iqy6QZvljWTIASpe.q3Vm0LoBZMsHenDWydlOukF&payer_email=goodr00-buyer%40naver.com&txn_id=9GK14842PK581211Y&payment_type=instant&last_name=buyer&address_state=CA&receiver_email=goodr00-facilitator%40naver.com&payment_fee=3.20&receiver_id=4M48DLDDTGF3G&txn_type=web_accept&item_name=&mc_currency=USD&item_number=&residence_country=US&test_ipn=1&handling_amount=0.00&transaction_subject=&payment_gross=100.00&shipping=0.00&ipn_track_id=c20adf6cccca9


3. CURL Request [2015-12-17 12:04:32 Asia/Seoul] : 
HTTP request of validation request:POST /cgi-bin/webscr HTTP/1.1
Host: www.sandbox.paypal.com
Accept: */*
Connection: Close
Content-Length: 987
Content-Type: application/x-www-form-urlencoded

cmd=_notify-validate&mc_gross=100.00&invoice=BUY-20151217120418&protection_eligibility=Eligible&address_status=confirmed&payer_id=3F7H5NPQR2MXL&tax=0.00&address_street=1+Main+St&payment_date=19%3A04%3A27+Dec+16%2C+2015+PST&payment_status=Completed&charset=windows-1252&address_zip=95131&first_name=test&mc_fee=3.20&address_country_code=US&address_name=test+buyer&notify_version=3.8&custom=&payer_status=verified&business=goodr00-facilitator%40naver.com&address_country=United+States&address_city=San+Jose&quantity=1&verify_sign=ApKghSivOFtm6Gk7Iqy6QZvljWTIASpe.q3Vm0LoBZMsHenDWydlOukF&payer_email=goodr00-buyer%40naver.com&txn_id=9GK14842PK581211Y&payment_type=instant&last_name=buyer&address_state=CA&receiver_email=goodr00-facilitator%40naver.com&payment_fee=3.20&receiver_id=4M48DLDDTGF3G&txn_type=web_accept&item_name=&mc_currency=USD&item_number=&residence_country=US&test_ipn=1&handling_amount=0.00&transaction_subject=&payment_gross=100.00&shipping=0.00&ipn_track_id=c20adf6cccca9 for IPN payload: cmd=_notify-validate&mc_gross=100.00&invoice=BUY-20151217120418&protection_eligibility=Eligible&address_status=confirmed&payer_id=3F7H5NPQR2MXL&tax=0.00&address_street=1+Main+St&payment_date=19%3A04%3A27+Dec+16%2C+2015+PST&payment_status=Completed&charset=windows-1252&address_zip=95131&first_name=test&mc_fee=3.20&address_country_code=US&address_name=test+buyer&notify_version=3.8&custom=&payer_status=verified&business=goodr00-facilitator%40naver.com&address_country=United+States&address_city=San+Jose&quantity=1&verify_sign=ApKghSivOFtm6Gk7Iqy6QZvljWTIASpe.q3Vm0LoBZMsHenDWydlOukF&payer_email=goodr00-buyer%40naver.com&txn_id=9GK14842PK581211Y&payment_type=instant&last_name=buyer&address_state=CA&receiver_email=goodr00-facilitator%40naver.com&payment_fee=3.20&receiver_id=4M48DLDDTGF3G&txn_type=web_accept&item_name=&mc_currency=USD&item_number=&residence_country=US&test_ipn=1&handling_amount=0.00&transaction_subject=&payment_gross=100.00&shipping=0.00&ipn_track_id=c20adf6cccca9


4. CURL Response [2015-12-17 12:04:32 Asia/Seoul] : 
HTTP response of validation request: HTTP/1.1 200 OK
Date: Thu, 17 Dec 2015 03:04:32 GMT
Server: Apache
X-Frame-Options: SAMEORIGIN
Set-Cookie: c9MWDuvPtT9GIMyPc3jwol1VSlO=yZVKQq8wXyn3Sq1wIuTn9L6y4lnU9zicmr076LMUrNrl2Op0i6XAioZrhtWOYToTczDdYvQa-E_wk9PJtTMPhWx_zOtxQ3GCUyGx3RC7x-2FxHiinZW2EgHUV1EUfoE6fG0RA83kX2Z3fUR4jiYCgsaJgHFTXo-58cSNHfSx7Ynd1asTKdKiJd7snt6icJRfPz2DrGeMkDXlpSE8_Bdia-0iWABBX66AT1LvZs4KzGWjTbDULubXSHvpJZjdXL9xxP0ywquq6aP7r0HS68vurg0EtkOqbT-jip5Guuk6tleRQMDgkRYPwN3eNYmm_cxEMamPjumXTqEa0-n90ni2BL8WVvAKZTIKiya7BbtCYY8fGQfNvRmsYygbf5yAnXlGUxrOavuozfoVFDfHyD8-cl-nsDN4Y-bdMBn1UqTKTuQZpqBfVjegin9knGO; domain=.paypal.com; path=/; Secure; HttpOnly
Set-Cookie: cookie_check=yes; expires=Sun, 14-Dec-2025 03:04:32 GMT; domain=.paypal.com; path=/; Secure; HttpOnly
Set-Cookie: navcmd=_notify-validate; domain=.paypal.com; path=/; Secure; HttpOnly
Set-Cookie: navlns=0.0; expires=Sat, 16-Dec-2017 03:04:32 GMT; domain=.paypal.com; path=/; Secure; HttpOnly
Set-Cookie: Apache=10.72.108.11.1450321472399448; path=/; expires=Sat, 09-Dec-45 03:04:32 GMT
Vary: Accept-Encoding,User-Agent
Connection: close
Paypal-Debug-Id: aefe7c405ca0b
Set-Cookie: X-PP-SILOVER=name%3DSANDBOX3.WEB.1%26silo_version%3D880%26app%3Dappdispatcher%26TIME%3D1076261462; domain=.paypal.com; path=/; Secure; HttpOnly
Set-Cookie: X-PP-SILOVER=; Expires=Thu, 01 Jan 1970 00:00:01 GMT
Set-Cookie: Apache=10.72.128.11.1450321472379066; path=/; expires=Sat, 09-Dec-45 03:04:32 GMT
Strict-Transport-Security: max-age=14400
Transfer-Encoding: chunked
Content-Type: text/html; charset=UTF-8

VERIFIED


5. Verified IPN [2015-12-17 12:04:32 Asia/Seoul] : 
cmd=_notify-validate&mc_gross=100.00&invoice=BUY-20151217120418&protection_eligibility=Eligible&address_status=confirmed&payer_id=3F7H5NPQR2MXL&tax=0.00&address_street=1+Main+St&payment_date=19%3A04%3A27+Dec+16%2C+2015+PST&payment_status=Completed&charset=windows-1252&address_zip=95131&first_name=test&mc_fee=3.20&address_country_code=US&address_name=test+buyer&notify_version=3.8&custom=&payer_status=verified&business=goodr00-facilitator%40naver.com&address_country=United+States&address_city=San+Jose&quantity=1&verify_sign=ApKghSivOFtm6Gk7Iqy6QZvljWTIASpe.q3Vm0LoBZMsHenDWydlOukF&payer_email=goodr00-buyer%40naver.com&txn_id=9GK14842PK581211Y&payment_type=instant&last_name=buyer&address_state=CA&receiver_email=goodr00-facilitator%40naver.com&payment_fee=3.20&receiver_id=4M48DLDDTGF3G&txn_type=web_accept&item_name=&mc_currency=USD&item_number=&residence_country=US&test_ipn=1&handling_amount=0.00&transaction_subject=&payment_gross=100.00&shipping=0.00&ipn_track_id=c20adf6cccca9 


