1. reading posted data [2015-12-18 11:51:47 Asia/Seoul] : 
Array
(
    [mc_gross] => 201.15
    [invoice] => BUY-20151218115057
    [protection_eligibility] => Eligible
    [address_status] => confirmed
    [payer_id] => 3F7H5NPQR2MXL
    [tax] => 0.00
    [address_street] => 1 Main St
    [payment_date] => 18:51:42 Dec 17, 2015 PST
    [payment_status] => Completed
    [charset] => windows-1252
    [address_zip] => 95131
    [first_name] => test
    [mc_fee] => 6.13
    [address_country_code] => US
    [address_name] => test buyer
    [notify_version] => 3.8
    [custom] => 
    [payer_status] => verified
    [business] => goodr00-facilitator@naver.com
    [address_country] => United States
    [address_city] => San Jose
    [quantity] => 1
    [verify_sign] => AOh0tu.5JUQyG2Aao4MpntBA2sFjAULTOyiK-MG3zGltuvhHW9S4hJgq
    [payer_email] => goodr00-buyer@naver.com
    [txn_id] => 5TA36602E4513621W
    [payment_type] => instant
    [last_name] => buyer
    [address_state] => CA
    [receiver_email] => goodr00-facilitator@naver.com
    [payment_fee] => 6.13
    [receiver_id] => 4M48DLDDTGF3G
    [txn_type] => web_accept
    [item_name] => 
    [mc_currency] => USD
    [item_number] => 
    [residence_country] => US
    [test_ipn] => 1
    [handling_amount] => 0.00
    [transaction_subject] => 
    [payment_gross] => 201.15
    [shipping] => 0.00
    [ipn_track_id] => 325653703a731
)



2. make request data [2015-12-18 11:51:47 Asia/Seoul] : 
cmd=_notify-validate&mc_gross=201.15&invoice=BUY-20151218115057&protection_eligibility=Eligible&address_status=confirmed&payer_id=3F7H5NPQR2MXL&tax=0.00&address_street=1+Main+St&payment_date=18%3A51%3A42+Dec+17%2C+2015+PST&payment_status=Completed&charset=windows-1252&address_zip=95131&first_name=test&mc_fee=6.13&address_country_code=US&address_name=test+buyer&notify_version=3.8&custom=&payer_status=verified&business=goodr00-facilitator%40naver.com&address_country=United+States&address_city=San+Jose&quantity=1&verify_sign=AOh0tu.5JUQyG2Aao4MpntBA2sFjAULTOyiK-MG3zGltuvhHW9S4hJgq&payer_email=goodr00-buyer%40naver.com&txn_id=5TA36602E4513621W&payment_type=instant&last_name=buyer&address_state=CA&receiver_email=goodr00-facilitator%40naver.com&payment_fee=6.13&receiver_id=4M48DLDDTGF3G&txn_type=web_accept&item_name=&mc_currency=USD&item_number=&residence_country=US&test_ipn=1&handling_amount=0.00&transaction_subject=&payment_gross=201.15&shipping=0.00&ipn_track_id=325653703a731


3. CURL Request [2015-12-18 11:51:48 Asia/Seoul] : 
HTTP request of validation request:POST /cgi-bin/webscr HTTP/1.1
Host: www.sandbox.paypal.com
Accept: */*
Connection: Close
Content-Length: 987
Content-Type: application/x-www-form-urlencoded

cmd=_notify-validate&mc_gross=201.15&invoice=BUY-20151218115057&protection_eligibility=Eligible&address_status=confirmed&payer_id=3F7H5NPQR2MXL&tax=0.00&address_street=1+Main+St&payment_date=18%3A51%3A42+Dec+17%2C+2015+PST&payment_status=Completed&charset=windows-1252&address_zip=95131&first_name=test&mc_fee=6.13&address_country_code=US&address_name=test+buyer&notify_version=3.8&custom=&payer_status=verified&business=goodr00-facilitator%40naver.com&address_country=United+States&address_city=San+Jose&quantity=1&verify_sign=AOh0tu.5JUQyG2Aao4MpntBA2sFjAULTOyiK-MG3zGltuvhHW9S4hJgq&payer_email=goodr00-buyer%40naver.com&txn_id=5TA36602E4513621W&payment_type=instant&last_name=buyer&address_state=CA&receiver_email=goodr00-facilitator%40naver.com&payment_fee=6.13&receiver_id=4M48DLDDTGF3G&txn_type=web_accept&item_name=&mc_currency=USD&item_number=&residence_country=US&test_ipn=1&handling_amount=0.00&transaction_subject=&payment_gross=201.15&shipping=0.00&ipn_track_id=325653703a731 for IPN payload: cmd=_notify-validate&mc_gross=201.15&invoice=BUY-20151218115057&protection_eligibility=Eligible&address_status=confirmed&payer_id=3F7H5NPQR2MXL&tax=0.00&address_street=1+Main+St&payment_date=18%3A51%3A42+Dec+17%2C+2015+PST&payment_status=Completed&charset=windows-1252&address_zip=95131&first_name=test&mc_fee=6.13&address_country_code=US&address_name=test+buyer&notify_version=3.8&custom=&payer_status=verified&business=goodr00-facilitator%40naver.com&address_country=United+States&address_city=San+Jose&quantity=1&verify_sign=AOh0tu.5JUQyG2Aao4MpntBA2sFjAULTOyiK-MG3zGltuvhHW9S4hJgq&payer_email=goodr00-buyer%40naver.com&txn_id=5TA36602E4513621W&payment_type=instant&last_name=buyer&address_state=CA&receiver_email=goodr00-facilitator%40naver.com&payment_fee=6.13&receiver_id=4M48DLDDTGF3G&txn_type=web_accept&item_name=&mc_currency=USD&item_number=&residence_country=US&test_ipn=1&handling_amount=0.00&transaction_subject=&payment_gross=201.15&shipping=0.00&ipn_track_id=325653703a731


4. CURL Response [2015-12-18 11:51:48 Asia/Seoul] : 
HTTP response of validation request: HTTP/1.1 200 OK
Date: Fri, 18 Dec 2015 02:51:47 GMT
Server: Apache
X-Frame-Options: SAMEORIGIN
Set-Cookie: c9MWDuvPtT9GIMyPc3jwol1VSlO=kKtAf-GOxmGYvXgggjF0qX0zvEDSA8H4NyjqA3DXRfg-IUVnvc3NdToUd46YrQgCIXXlG12zuNam41eUsFngXrOKWyT2AQRUe2JTI1zs8R0xAbWZdk1PGlUlCkOQj0iFwUZGJ-JTEReykH6FX7eRcRbPxdPvnMkDYSUeJwibGXt_BvfYRzBbANtNzwcfj03pP2EjN3XFNRpcgYvcBNAfWN4dXnCTT7QrgAXRWjB7gzTlBMplvpUU_2ChuuU1FciYTEcgdF2QoLbHtLf9TKlfGVkzbA3ztiKmYbPPUQBj3c4aIeSjEtDGR3ERkkXZnSxwT6VMXzwroLqJZkp962zBNNTpSqpvBh_tISZ_2b3KEVM_ngXWsZRa7TwTsN89JuhLD_-WylV4b6msW-QDt2gywauYCcbOl5Xzf5sIHiIHjngxf2QW8sPscvykz_4; domain=.paypal.com; path=/; Secure; HttpOnly
Set-Cookie: cookie_check=yes; expires=Mon, 15-Dec-2025 02:51:48 GMT; domain=.paypal.com; path=/; Secure; HttpOnly
Set-Cookie: navcmd=_notify-validate; domain=.paypal.com; path=/; Secure; HttpOnly
Set-Cookie: navlns=0.0; expires=Sun, 17-Dec-2017 02:51:48 GMT; domain=.paypal.com; path=/; Secure; HttpOnly
Set-Cookie: Apache=10.72.108.11.1450407108014873; path=/; expires=Sun, 10-Dec-45 02:51:48 GMT
Vary: Accept-Encoding,User-Agent
Connection: close
Paypal-Debug-Id: f6dc1db2f3c25
Set-Cookie: X-PP-SILOVER=name%3DSANDBOX3.WEB.1%26silo_version%3D880%26app%3Dappdispatcher%26TIME%3D3295966038; domain=.paypal.com; path=/; Secure; HttpOnly
Set-Cookie: X-PP-SILOVER=; Expires=Thu, 01 Jan 1970 00:00:01 GMT
Set-Cookie: Apache=10.72.128.11.1450407107998268; path=/; expires=Sun, 10-Dec-45 02:51:47 GMT
Strict-Transport-Security: max-age=14400
Transfer-Encoding: chunked
Content-Type: text/html; charset=UTF-8

VERIFIED


5. Verified IPN [2015-12-18 11:51:48 Asia/Seoul] : 
cmd=_notify-validate&mc_gross=201.15&invoice=BUY-20151218115057&protection_eligibility=Eligible&address_status=confirmed&payer_id=3F7H5NPQR2MXL&tax=0.00&address_street=1+Main+St&payment_date=18%3A51%3A42+Dec+17%2C+2015+PST&payment_status=Completed&charset=windows-1252&address_zip=95131&first_name=test&mc_fee=6.13&address_country_code=US&address_name=test+buyer&notify_version=3.8&custom=&payer_status=verified&business=goodr00-facilitator%40naver.com&address_country=United+States&address_city=San+Jose&quantity=1&verify_sign=AOh0tu.5JUQyG2Aao4MpntBA2sFjAULTOyiK-MG3zGltuvhHW9S4hJgq&payer_email=goodr00-buyer%40naver.com&txn_id=5TA36602E4513621W&payment_type=instant&last_name=buyer&address_state=CA&receiver_email=goodr00-facilitator%40naver.com&payment_fee=6.13&receiver_id=4M48DLDDTGF3G&txn_type=web_accept&item_name=&mc_currency=USD&item_number=&residence_country=US&test_ipn=1&handling_amount=0.00&transaction_subject=&payment_gross=201.15&shipping=0.00&ipn_track_id=325653703a731 


