1. reading posted data [2015-12-17 11:52:29 Asia/Seoul] : 
Array
(
    [mc_gross] => 360.00
    [invoice] => BUY-20151217115150
    [protection_eligibility] => Eligible
    [address_status] => confirmed
    [payer_id] => 3F7H5NPQR2MXL
    [tax] => 0.00
    [address_street] => 1 Main St
    [payment_date] => 18:52:20 Dec 16, 2015 PST
    [payment_status] => Completed
    [charset] => windows-1252
    [address_zip] => 95131
    [first_name] => test
    [mc_fee] => 10.74
    [address_country_code] => US
    [address_name] => test buyer
    [notify_version] => 3.8
    [custom] => 
    [payer_status] => verified
    [business] => goodr00-facilitator@naver.com
    [address_country] => United States
    [address_city] => San Jose
    [quantity] => 1
    [verify_sign] => AoS.E.01W2nV8a9ir19jmW2JxA6YAtJYXw7YoIZ1C6dC1tfF970w3z2V
    [payer_email] => goodr00-buyer@naver.com
    [txn_id] => 3WC78634RV009784B
    [payment_type] => instant
    [last_name] => buyer
    [address_state] => CA
    [receiver_email] => goodr00-facilitator@naver.com
    [payment_fee] => 10.74
    [receiver_id] => 4M48DLDDTGF3G
    [txn_type] => web_accept
    [item_name] => 
    [mc_currency] => USD
    [item_number] => 
    [residence_country] => US
    [test_ipn] => 1
    [handling_amount] => 0.00
    [transaction_subject] => 
    [payment_gross] => 360.00
    [shipping] => 0.00
    [ipn_track_id] => 536c2ae9d602d
)



2. make request data [2015-12-17 11:52:29 Asia/Seoul] : 
cmd=_notify-validate&mc_gross=360.00&invoice=BUY-20151217115150&protection_eligibility=Eligible&address_status=confirmed&payer_id=3F7H5NPQR2MXL&tax=0.00&address_street=1+Main+St&payment_date=18%3A52%3A20+Dec+16%2C+2015+PST&payment_status=Completed&charset=windows-1252&address_zip=95131&first_name=test&mc_fee=10.74&address_country_code=US&address_name=test+buyer&notify_version=3.8&custom=&payer_status=verified&business=goodr00-facilitator%40naver.com&address_country=United+States&address_city=San+Jose&quantity=1&verify_sign=AoS.E.01W2nV8a9ir19jmW2JxA6YAtJYXw7YoIZ1C6dC1tfF970w3z2V&payer_email=goodr00-buyer%40naver.com&txn_id=3WC78634RV009784B&payment_type=instant&last_name=buyer&address_state=CA&receiver_email=goodr00-facilitator%40naver.com&payment_fee=10.74&receiver_id=4M48DLDDTGF3G&txn_type=web_accept&item_name=&mc_currency=USD&item_number=&residence_country=US&test_ipn=1&handling_amount=0.00&transaction_subject=&payment_gross=360.00&shipping=0.00&ipn_track_id=536c2ae9d602d


3. CURL Request [2015-12-17 11:52:30 Asia/Seoul] : 
HTTP request of validation request:POST /cgi-bin/webscr HTTP/1.1
Host: www.sandbox.paypal.com
Accept: */*
Connection: Close
Content-Length: 989
Content-Type: application/x-www-form-urlencoded

cmd=_notify-validate&mc_gross=360.00&invoice=BUY-20151217115150&protection_eligibility=Eligible&address_status=confirmed&payer_id=3F7H5NPQR2MXL&tax=0.00&address_street=1+Main+St&payment_date=18%3A52%3A20+Dec+16%2C+2015+PST&payment_status=Completed&charset=windows-1252&address_zip=95131&first_name=test&mc_fee=10.74&address_country_code=US&address_name=test+buyer&notify_version=3.8&custom=&payer_status=verified&business=goodr00-facilitator%40naver.com&address_country=United+States&address_city=San+Jose&quantity=1&verify_sign=AoS.E.01W2nV8a9ir19jmW2JxA6YAtJYXw7YoIZ1C6dC1tfF970w3z2V&payer_email=goodr00-buyer%40naver.com&txn_id=3WC78634RV009784B&payment_type=instant&last_name=buyer&address_state=CA&receiver_email=goodr00-facilitator%40naver.com&payment_fee=10.74&receiver_id=4M48DLDDTGF3G&txn_type=web_accept&item_name=&mc_currency=USD&item_number=&residence_country=US&test_ipn=1&handling_amount=0.00&transaction_subject=&payment_gross=360.00&shipping=0.00&ipn_track_id=536c2ae9d602d for IPN payload: cmd=_notify-validate&mc_gross=360.00&invoice=BUY-20151217115150&protection_eligibility=Eligible&address_status=confirmed&payer_id=3F7H5NPQR2MXL&tax=0.00&address_street=1+Main+St&payment_date=18%3A52%3A20+Dec+16%2C+2015+PST&payment_status=Completed&charset=windows-1252&address_zip=95131&first_name=test&mc_fee=10.74&address_country_code=US&address_name=test+buyer&notify_version=3.8&custom=&payer_status=verified&business=goodr00-facilitator%40naver.com&address_country=United+States&address_city=San+Jose&quantity=1&verify_sign=AoS.E.01W2nV8a9ir19jmW2JxA6YAtJYXw7YoIZ1C6dC1tfF970w3z2V&payer_email=goodr00-buyer%40naver.com&txn_id=3WC78634RV009784B&payment_type=instant&last_name=buyer&address_state=CA&receiver_email=goodr00-facilitator%40naver.com&payment_fee=10.74&receiver_id=4M48DLDDTGF3G&txn_type=web_accept&item_name=&mc_currency=USD&item_number=&residence_country=US&test_ipn=1&handling_amount=0.00&transaction_subject=&payment_gross=360.00&shipping=0.00&ipn_track_id=536c2ae9d602d


4. CURL Response [2015-12-17 11:52:30 Asia/Seoul] : 
HTTP response of validation request: HTTP/1.1 200 OK
Date: Thu, 17 Dec 2015 02:52:30 GMT
Server: Apache
X-Frame-Options: SAMEORIGIN
Set-Cookie: c9MWDuvPtT9GIMyPc3jwol1VSlO=dGlcenfIhgWYw4ODBe7EMt9aNGpl_klZLROQXOINrxX-vSWnFjOZYLJIV4sf6ke9AMiKNeJJIC0EiQjx1GRVdG0Eo2ZqSRS_osW5hFg55VVuIBZghD8omuacGx99Naiep_hqeD3oE3i0rzk5QWdxRGY7F1vFK0FUVkGaCsnnkQjESy6psuzBe5tzvYbgABlxhpywYKesgPlLzbE6-KWbZoAGaOjlZZOCzMGLHka9tpH1wIujbXm0LYN2xSrYPSGb0O6A6i_MSpm15ajiRcyatUmgIO1HDd9uzhebo-Y2UQXAdvzHfij0ZnjieRiKmMjka1dgNmu5zvstMlCQBXe03Oj6HW5BIW6eBGDbiDewvQSKgv_nWpgASiO4KyxavvT_BL9-UdGJ2mmwPLT_75Ery067T9iNGm2VUm90g-XEkFQ-th3Gq21AuBUazIO; domain=.paypal.com; path=/; Secure; HttpOnly
Set-Cookie: cookie_check=yes; expires=Sun, 14-Dec-2025 02:52:30 GMT; domain=.paypal.com; path=/; Secure; HttpOnly
Set-Cookie: navcmd=_notify-validate; domain=.paypal.com; path=/; Secure; HttpOnly
Set-Cookie: navlns=0.0; expires=Sat, 16-Dec-2017 02:52:30 GMT; domain=.paypal.com; path=/; Secure; HttpOnly
Set-Cookie: Apache=10.72.108.11.1450320750583896; path=/; expires=Sat, 09-Dec-45 02:52:30 GMT
Vary: Accept-Encoding,User-Agent
Connection: close
Paypal-Debug-Id: 5adc22458a132
Set-Cookie: X-PP-SILOVER=name%3DSANDBOX3.WEB.1%26silo_version%3D880%26app%3Dappdispatcher%26TIME%3D1847816790; domain=.paypal.com; path=/; Secure; HttpOnly
Set-Cookie: X-PP-SILOVER=; Expires=Thu, 01 Jan 1970 00:00:01 GMT
Set-Cookie: Apache=10.72.128.11.1450320750565299; path=/; expires=Sat, 09-Dec-45 02:52:30 GMT
Strict-Transport-Security: max-age=14400
Transfer-Encoding: chunked
Content-Type: text/html; charset=UTF-8

VERIFIED


5. Verified IPN [2015-12-17 11:52:30 Asia/Seoul] : 
cmd=_notify-validate&mc_gross=360.00&invoice=BUY-20151217115150&protection_eligibility=Eligible&address_status=confirmed&payer_id=3F7H5NPQR2MXL&tax=0.00&address_street=1+Main+St&payment_date=18%3A52%3A20+Dec+16%2C+2015+PST&payment_status=Completed&charset=windows-1252&address_zip=95131&first_name=test&mc_fee=10.74&address_country_code=US&address_name=test+buyer&notify_version=3.8&custom=&payer_status=verified&business=goodr00-facilitator%40naver.com&address_country=United+States&address_city=San+Jose&quantity=1&verify_sign=AoS.E.01W2nV8a9ir19jmW2JxA6YAtJYXw7YoIZ1C6dC1tfF970w3z2V&payer_email=goodr00-buyer%40naver.com&txn_id=3WC78634RV009784B&payment_type=instant&last_name=buyer&address_state=CA&receiver_email=goodr00-facilitator%40naver.com&payment_fee=10.74&receiver_id=4M48DLDDTGF3G&txn_type=web_accept&item_name=&mc_currency=USD&item_number=&residence_country=US&test_ipn=1&handling_amount=0.00&transaction_subject=&payment_gross=360.00&shipping=0.00&ipn_track_id=536c2ae9d602d 


