1. reading posted data [2015-12-17 22:34:02 Asia/Seoul] : 
Array
(
    [mc_gross] => 120.00
    [invoice] => BUY-20151217223340
    [protection_eligibility] => Eligible
    [address_status] => confirmed
    [payer_id] => 3F7H5NPQR2MXL
    [tax] => 0.00
    [address_street] => 1 Main St
    [payment_date] => 05:33:57 Dec 17, 2015 PST
    [payment_status] => Completed
    [charset] => windows-1252
    [address_zip] => 95131
    [first_name] => test
    [mc_fee] => 3.78
    [address_country_code] => US
    [address_name] => test buyer
    [notify_version] => 3.8
    [custom] => 
    [payer_status] => verified
    [business] => goodr00-facilitator@naver.com
    [address_country] => United States
    [address_city] => San Jose
    [quantity] => 1
    [verify_sign] => A6Fyo.RG2CmUHAdbJ1HeGZnSj3AWA3WBu0HYffrOSsFSxheVEQLT5aIZ
    [payer_email] => goodr00-buyer@naver.com
    [txn_id] => 90D56682E50813842
    [payment_type] => instant
    [last_name] => buyer
    [address_state] => CA
    [receiver_email] => goodr00-facilitator@naver.com
    [payment_fee] => 3.78
    [receiver_id] => 4M48DLDDTGF3G
    [txn_type] => web_accept
    [item_name] => 
    [mc_currency] => USD
    [item_number] => 
    [residence_country] => US
    [test_ipn] => 1
    [handling_amount] => 0.00
    [transaction_subject] => 
    [payment_gross] => 120.00
    [shipping] => 0.00
    [ipn_track_id] => 13607372a5bf7
)



2. make request data [2015-12-17 22:34:02 Asia/Seoul] : 
cmd=_notify-validate&mc_gross=120.00&invoice=BUY-20151217223340&protection_eligibility=Eligible&address_status=confirmed&payer_id=3F7H5NPQR2MXL&tax=0.00&address_street=1+Main+St&payment_date=05%3A33%3A57+Dec+17%2C+2015+PST&payment_status=Completed&charset=windows-1252&address_zip=95131&first_name=test&mc_fee=3.78&address_country_code=US&address_name=test+buyer&notify_version=3.8&custom=&payer_status=verified&business=goodr00-facilitator%40naver.com&address_country=United+States&address_city=San+Jose&quantity=1&verify_sign=A6Fyo.RG2CmUHAdbJ1HeGZnSj3AWA3WBu0HYffrOSsFSxheVEQLT5aIZ&payer_email=goodr00-buyer%40naver.com&txn_id=90D56682E50813842&payment_type=instant&last_name=buyer&address_state=CA&receiver_email=goodr00-facilitator%40naver.com&payment_fee=3.78&receiver_id=4M48DLDDTGF3G&txn_type=web_accept&item_name=&mc_currency=USD&item_number=&residence_country=US&test_ipn=1&handling_amount=0.00&transaction_subject=&payment_gross=120.00&shipping=0.00&ipn_track_id=13607372a5bf7


3. CURL Request [2015-12-17 22:34:03 Asia/Seoul] : 
HTTP request of validation request:POST /cgi-bin/webscr HTTP/1.1
Host: www.sandbox.paypal.com
Accept: */*
Connection: Close
Content-Length: 987
Content-Type: application/x-www-form-urlencoded

cmd=_notify-validate&mc_gross=120.00&invoice=BUY-20151217223340&protection_eligibility=Eligible&address_status=confirmed&payer_id=3F7H5NPQR2MXL&tax=0.00&address_street=1+Main+St&payment_date=05%3A33%3A57+Dec+17%2C+2015+PST&payment_status=Completed&charset=windows-1252&address_zip=95131&first_name=test&mc_fee=3.78&address_country_code=US&address_name=test+buyer&notify_version=3.8&custom=&payer_status=verified&business=goodr00-facilitator%40naver.com&address_country=United+States&address_city=San+Jose&quantity=1&verify_sign=A6Fyo.RG2CmUHAdbJ1HeGZnSj3AWA3WBu0HYffrOSsFSxheVEQLT5aIZ&payer_email=goodr00-buyer%40naver.com&txn_id=90D56682E50813842&payment_type=instant&last_name=buyer&address_state=CA&receiver_email=goodr00-facilitator%40naver.com&payment_fee=3.78&receiver_id=4M48DLDDTGF3G&txn_type=web_accept&item_name=&mc_currency=USD&item_number=&residence_country=US&test_ipn=1&handling_amount=0.00&transaction_subject=&payment_gross=120.00&shipping=0.00&ipn_track_id=13607372a5bf7 for IPN payload: cmd=_notify-validate&mc_gross=120.00&invoice=BUY-20151217223340&protection_eligibility=Eligible&address_status=confirmed&payer_id=3F7H5NPQR2MXL&tax=0.00&address_street=1+Main+St&payment_date=05%3A33%3A57+Dec+17%2C+2015+PST&payment_status=Completed&charset=windows-1252&address_zip=95131&first_name=test&mc_fee=3.78&address_country_code=US&address_name=test+buyer&notify_version=3.8&custom=&payer_status=verified&business=goodr00-facilitator%40naver.com&address_country=United+States&address_city=San+Jose&quantity=1&verify_sign=A6Fyo.RG2CmUHAdbJ1HeGZnSj3AWA3WBu0HYffrOSsFSxheVEQLT5aIZ&payer_email=goodr00-buyer%40naver.com&txn_id=90D56682E50813842&payment_type=instant&last_name=buyer&address_state=CA&receiver_email=goodr00-facilitator%40naver.com&payment_fee=3.78&receiver_id=4M48DLDDTGF3G&txn_type=web_accept&item_name=&mc_currency=USD&item_number=&residence_country=US&test_ipn=1&handling_amount=0.00&transaction_subject=&payment_gross=120.00&shipping=0.00&ipn_track_id=13607372a5bf7


4. CURL Response [2015-12-17 22:34:03 Asia/Seoul] : 
HTTP response of validation request: HTTP/1.1 200 OK
Date: Thu, 17 Dec 2015 13:34:03 GMT
Server: Apache
X-Frame-Options: SAMEORIGIN
Set-Cookie: c9MWDuvPtT9GIMyPc3jwol1VSlO=ciW99U3hFEzCso3KQjmEde7Di-Ivm-IM8q7oYelBfm8nPVyCiHvjjFUiH8JyOo7T1ouRHxRWS4e5q-mC6RcgWG2bO95U_cU-mcpYLXsdXmQQvILPdYN29n72hTyL52Sfq8ubs33dObXMdf6ygEDkbmj6Cqhp4_RCERVrBD1mTWg5DqVW94JH4JdVB9Lj7W_xN9jJodr-AH3cZLyYjDobsFGhS2BKNw3_eKCy-GfqwJveRZpCSC7hB_VEcTej8FL79npUBkOZgAH-LpCY-PJ6Hph_9N7gG9FPGbDhIceXPSkxiH68Fe82Um_SQXhbmS4AvxGFiW-IDa2sp81_GmkJX6ksxWROl0JzN8KZKkc7TkfPCQVdRvS1U4pFnDdE48tydhZmuyy5O-HKqu0aepbul6DPHQH1lHFVbZCEfgl6OT9K8jt09yveN6rEISO; domain=.paypal.com; path=/; Secure; HttpOnly
Set-Cookie: cookie_check=yes; expires=Sun, 14-Dec-2025 13:34:03 GMT; domain=.paypal.com; path=/; Secure; HttpOnly
Set-Cookie: navcmd=_notify-validate; domain=.paypal.com; path=/; Secure; HttpOnly
Set-Cookie: navlns=0.0; expires=Sat, 16-Dec-2017 13:34:03 GMT; domain=.paypal.com; path=/; Secure; HttpOnly
Set-Cookie: Apache=10.72.108.11.1450359243254806; path=/; expires=Sat, 09-Dec-45 13:34:03 GMT
Vary: Accept-Encoding,User-Agent
Connection: close
Paypal-Debug-Id: feb3cec039592
Set-Cookie: X-PP-SILOVER=name%3DSANDBOX3.WEB.1%26silo_version%3D880%26app%3Dappdispatcher%26TIME%3D3417928278; domain=.paypal.com; path=/; Secure; HttpOnly
Set-Cookie: X-PP-SILOVER=; Expires=Thu, 01 Jan 1970 00:00:01 GMT
Set-Cookie: Apache=10.72.128.11.1450359243234694; path=/; expires=Sat, 09-Dec-45 13:34:03 GMT
Strict-Transport-Security: max-age=14400
Transfer-Encoding: chunked
Content-Type: text/html; charset=UTF-8

VERIFIED


5. Verified IPN [2015-12-17 22:34:03 Asia/Seoul] : 
cmd=_notify-validate&mc_gross=120.00&invoice=BUY-20151217223340&protection_eligibility=Eligible&address_status=confirmed&payer_id=3F7H5NPQR2MXL&tax=0.00&address_street=1+Main+St&payment_date=05%3A33%3A57+Dec+17%2C+2015+PST&payment_status=Completed&charset=windows-1252&address_zip=95131&first_name=test&mc_fee=3.78&address_country_code=US&address_name=test+buyer&notify_version=3.8&custom=&payer_status=verified&business=goodr00-facilitator%40naver.com&address_country=United+States&address_city=San+Jose&quantity=1&verify_sign=A6Fyo.RG2CmUHAdbJ1HeGZnSj3AWA3WBu0HYffrOSsFSxheVEQLT5aIZ&payer_email=goodr00-buyer%40naver.com&txn_id=90D56682E50813842&payment_type=instant&last_name=buyer&address_state=CA&receiver_email=goodr00-facilitator%40naver.com&payment_fee=3.78&receiver_id=4M48DLDDTGF3G&txn_type=web_accept&item_name=&mc_currency=USD&item_number=&residence_country=US&test_ipn=1&handling_amount=0.00&transaction_subject=&payment_gross=120.00&shipping=0.00&ipn_track_id=13607372a5bf7 


