1. reading posted data [2015-12-18 00:43:42 Asia/Seoul] : 
Array
(
    [mc_gross] => 3.25
    [invoice] => BUY-20151218004318
    [protection_eligibility] => Eligible
    [address_status] => confirmed
    [payer_id] => 3F7H5NPQR2MXL
    [tax] => 0.00
    [address_street] => 1 Main St
    [payment_date] => 07:43:38 Dec 17, 2015 PST
    [payment_status] => Completed
    [charset] => windows-1252
    [address_zip] => 95131
    [first_name] => test
    [mc_fee] => 0.39
    [address_country_code] => US
    [address_name] => test buyer
    [notify_version] => 3.8
    [custom] => 
    [payer_status] => verified
    [business] => goodr00-facilitator@naver.com
    [address_country] => United States
    [address_city] => San Jose
    [quantity] => 1
    [verify_sign] => AFd.erwt7VoeoUMr85yut0RloHozAFOpwf3yYFK0kIOipwMEFyZZLhGT
    [payer_email] => goodr00-buyer@naver.com
    [txn_id] => 86855058BA6886028
    [payment_type] => instant
    [last_name] => buyer
    [address_state] => CA
    [receiver_email] => goodr00-facilitator@naver.com
    [payment_fee] => 0.39
    [receiver_id] => 4M48DLDDTGF3G
    [txn_type] => web_accept
    [item_name] => 
    [mc_currency] => USD
    [item_number] => 
    [residence_country] => US
    [test_ipn] => 1
    [handling_amount] => 0.00
    [transaction_subject] => 
    [payment_gross] => 3.25
    [shipping] => 0.00
    [ipn_track_id] => 15d0a045d36a6
)



2. make request data [2015-12-18 00:43:42 Asia/Seoul] : 
cmd=_notify-validate&mc_gross=3.25&invoice=BUY-20151218004318&protection_eligibility=Eligible&address_status=confirmed&payer_id=3F7H5NPQR2MXL&tax=0.00&address_street=1+Main+St&payment_date=07%3A43%3A38+Dec+17%2C+2015+PST&payment_status=Completed&charset=windows-1252&address_zip=95131&first_name=test&mc_fee=0.39&address_country_code=US&address_name=test+buyer&notify_version=3.8&custom=&payer_status=verified&business=goodr00-facilitator%40naver.com&address_country=United+States&address_city=San+Jose&quantity=1&verify_sign=AFd.erwt7VoeoUMr85yut0RloHozAFOpwf3yYFK0kIOipwMEFyZZLhGT&payer_email=goodr00-buyer%40naver.com&txn_id=86855058BA6886028&payment_type=instant&last_name=buyer&address_state=CA&receiver_email=goodr00-facilitator%40naver.com&payment_fee=0.39&receiver_id=4M48DLDDTGF3G&txn_type=web_accept&item_name=&mc_currency=USD&item_number=&residence_country=US&test_ipn=1&handling_amount=0.00&transaction_subject=&payment_gross=3.25&shipping=0.00&ipn_track_id=15d0a045d36a6


3. CURL Request [2015-12-18 00:43:43 Asia/Seoul] : 
HTTP request of validation request:POST /cgi-bin/webscr HTTP/1.1
Host: www.sandbox.paypal.com
Accept: */*
Connection: Close
Content-Length: 983
Content-Type: application/x-www-form-urlencoded

cmd=_notify-validate&mc_gross=3.25&invoice=BUY-20151218004318&protection_eligibility=Eligible&address_status=confirmed&payer_id=3F7H5NPQR2MXL&tax=0.00&address_street=1+Main+St&payment_date=07%3A43%3A38+Dec+17%2C+2015+PST&payment_status=Completed&charset=windows-1252&address_zip=95131&first_name=test&mc_fee=0.39&address_country_code=US&address_name=test+buyer&notify_version=3.8&custom=&payer_status=verified&business=goodr00-facilitator%40naver.com&address_country=United+States&address_city=San+Jose&quantity=1&verify_sign=AFd.erwt7VoeoUMr85yut0RloHozAFOpwf3yYFK0kIOipwMEFyZZLhGT&payer_email=goodr00-buyer%40naver.com&txn_id=86855058BA6886028&payment_type=instant&last_name=buyer&address_state=CA&receiver_email=goodr00-facilitator%40naver.com&payment_fee=0.39&receiver_id=4M48DLDDTGF3G&txn_type=web_accept&item_name=&mc_currency=USD&item_number=&residence_country=US&test_ipn=1&handling_amount=0.00&transaction_subject=&payment_gross=3.25&shipping=0.00&ipn_track_id=15d0a045d36a6 for IPN payload: cmd=_notify-validate&mc_gross=3.25&invoice=BUY-20151218004318&protection_eligibility=Eligible&address_status=confirmed&payer_id=3F7H5NPQR2MXL&tax=0.00&address_street=1+Main+St&payment_date=07%3A43%3A38+Dec+17%2C+2015+PST&payment_status=Completed&charset=windows-1252&address_zip=95131&first_name=test&mc_fee=0.39&address_country_code=US&address_name=test+buyer&notify_version=3.8&custom=&payer_status=verified&business=goodr00-facilitator%40naver.com&address_country=United+States&address_city=San+Jose&quantity=1&verify_sign=AFd.erwt7VoeoUMr85yut0RloHozAFOpwf3yYFK0kIOipwMEFyZZLhGT&payer_email=goodr00-buyer%40naver.com&txn_id=86855058BA6886028&payment_type=instant&last_name=buyer&address_state=CA&receiver_email=goodr00-facilitator%40naver.com&payment_fee=0.39&receiver_id=4M48DLDDTGF3G&txn_type=web_accept&item_name=&mc_currency=USD&item_number=&residence_country=US&test_ipn=1&handling_amount=0.00&transaction_subject=&payment_gross=3.25&shipping=0.00&ipn_track_id=15d0a045d36a6


4. CURL Response [2015-12-18 00:43:43 Asia/Seoul] : 
HTTP response of validation request: HTTP/1.1 200 OK
Date: Thu, 17 Dec 2015 15:43:43 GMT
Server: Apache
X-Frame-Options: SAMEORIGIN
Set-Cookie: c9MWDuvPtT9GIMyPc3jwol1VSlO=qqPeY-HXnL9bwKxzk8XNv9MEDD-ehaJS7-gujSQVAicWTKmp07W68OeHqDtXTzIO5qPdVUyJhTRdLpDLVtu7UciUsT_QT_c1wfxkfGLlScuVoXnP-Su8PPp7GPb993EuBRi3tARcdlO_bySVjfXL2jbK3TIYH1PB7OwhP5z2i3-aXcP92hnU6-Zo0FwHLJ-eXRZcuW5nsbNA0tPknNc6ZD3PrxK3RmRM9iKj9i0sIx2Ua8cKGf4T0iE1Jd8h5DxGG6CRo3sMesRN6yo1WsDjOAZFJHT1NBVQYZBDvVjY9wik-mDkjBIYzB89O2wvV0gReueOmxVAT4Gx-2OVxzzGxYEdMHjNNSr9UGVM4FiQBcpxcA1o-H3rnb_Mb5jt2DYuvAogrdHKpW_8MSSxNoows15LN607o-_hd9sg7j0_lIMXK9cyRKwoTPZrQdy; domain=.paypal.com; path=/; Secure; HttpOnly
Set-Cookie: cookie_check=yes; expires=Sun, 14-Dec-2025 15:43:43 GMT; domain=.paypal.com; path=/; Secure; HttpOnly
Set-Cookie: navcmd=_notify-validate; domain=.paypal.com; path=/; Secure; HttpOnly
Set-Cookie: navlns=0.0; expires=Sat, 16-Dec-2017 15:43:43 GMT; domain=.paypal.com; path=/; Secure; HttpOnly
Set-Cookie: Apache=10.72.108.11.1450367023458962; path=/; expires=Sat, 09-Dec-45 15:43:43 GMT
Vary: Accept-Encoding,User-Agent
Connection: close
Paypal-Debug-Id: b5e903216bd1a
Set-Cookie: X-PP-SILOVER=name%3DSANDBOX3.WEB.1%26silo_version%3D880%26app%3Dappdispatcher%26TIME%3D802714198; domain=.paypal.com; path=/; Secure; HttpOnly
Set-Cookie: X-PP-SILOVER=; Expires=Thu, 01 Jan 1970 00:00:01 GMT
Set-Cookie: Apache=10.72.128.11.1450367023441446; path=/; expires=Sat, 09-Dec-45 15:43:43 GMT
Strict-Transport-Security: max-age=14400
Transfer-Encoding: chunked
Content-Type: text/html; charset=UTF-8

VERIFIED


5. Verified IPN [2015-12-18 00:43:43 Asia/Seoul] : 
cmd=_notify-validate&mc_gross=3.25&invoice=BUY-20151218004318&protection_eligibility=Eligible&address_status=confirmed&payer_id=3F7H5NPQR2MXL&tax=0.00&address_street=1+Main+St&payment_date=07%3A43%3A38+Dec+17%2C+2015+PST&payment_status=Completed&charset=windows-1252&address_zip=95131&first_name=test&mc_fee=0.39&address_country_code=US&address_name=test+buyer&notify_version=3.8&custom=&payer_status=verified&business=goodr00-facilitator%40naver.com&address_country=United+States&address_city=San+Jose&quantity=1&verify_sign=AFd.erwt7VoeoUMr85yut0RloHozAFOpwf3yYFK0kIOipwMEFyZZLhGT&payer_email=goodr00-buyer%40naver.com&txn_id=86855058BA6886028&payment_type=instant&last_name=buyer&address_state=CA&receiver_email=goodr00-facilitator%40naver.com&payment_fee=0.39&receiver_id=4M48DLDDTGF3G&txn_type=web_accept&item_name=&mc_currency=USD&item_number=&residence_country=US&test_ipn=1&handling_amount=0.00&transaction_subject=&payment_gross=3.25&shipping=0.00&ipn_track_id=15d0a045d36a6 


