1. reading posted data [2015-12-17 21:23:59 Asia/Seoul] : 
Array
(
    [mc_gross] => 120.00
    [invoice] => BUY-20151217212247
    [protection_eligibility] => Eligible
    [address_status] => confirmed
    [payer_id] => 3F7H5NPQR2MXL
    [tax] => 0.00
    [address_street] => 1 Main St
    [payment_date] => 04:23:55 Dec 17, 2015 PST
    [payment_status] => Completed
    [charset] => windows-1252
    [address_zip] => 95131
    [first_name] => test
    [mc_fee] => 3.78
    [address_country_code] => US
    [address_name] => test buyer
    [notify_version] => 3.8
    [custom] => 
    [payer_status] => verified
    [business] => goodr00-facilitator@naver.com
    [address_country] => United States
    [address_city] => San Jose
    [quantity] => 1
    [verify_sign] => AUw1L3oh6cl7FOfXoqxl55g1q7CYAiXn7DwqFL8gC3.hd.4gV7KgFb9H
    [payer_email] => goodr00-buyer@naver.com
    [txn_id] => 26C38903YR021191H
    [payment_type] => instant
    [last_name] => buyer
    [address_state] => CA
    [receiver_email] => goodr00-facilitator@naver.com
    [payment_fee] => 3.78
    [receiver_id] => 4M48DLDDTGF3G
    [txn_type] => web_accept
    [item_name] => 
    [mc_currency] => USD
    [item_number] => 
    [residence_country] => US
    [test_ipn] => 1
    [handling_amount] => 0.00
    [transaction_subject] => 
    [payment_gross] => 120.00
    [shipping] => 0.00
    [ipn_track_id] => 4d07540d53577
)



2. make request data [2015-12-17 21:23:59 Asia/Seoul] : 
cmd=_notify-validate&mc_gross=120.00&invoice=BUY-20151217212247&protection_eligibility=Eligible&address_status=confirmed&payer_id=3F7H5NPQR2MXL&tax=0.00&address_street=1+Main+St&payment_date=04%3A23%3A55+Dec+17%2C+2015+PST&payment_status=Completed&charset=windows-1252&address_zip=95131&first_name=test&mc_fee=3.78&address_country_code=US&address_name=test+buyer&notify_version=3.8&custom=&payer_status=verified&business=goodr00-facilitator%40naver.com&address_country=United+States&address_city=San+Jose&quantity=1&verify_sign=AUw1L3oh6cl7FOfXoqxl55g1q7CYAiXn7DwqFL8gC3.hd.4gV7KgFb9H&payer_email=goodr00-buyer%40naver.com&txn_id=26C38903YR021191H&payment_type=instant&last_name=buyer&address_state=CA&receiver_email=goodr00-facilitator%40naver.com&payment_fee=3.78&receiver_id=4M48DLDDTGF3G&txn_type=web_accept&item_name=&mc_currency=USD&item_number=&residence_country=US&test_ipn=1&handling_amount=0.00&transaction_subject=&payment_gross=120.00&shipping=0.00&ipn_track_id=4d07540d53577


3. CURL Request [2015-12-17 21:24:00 Asia/Seoul] : 
HTTP request of validation request:POST /cgi-bin/webscr HTTP/1.1
Host: www.sandbox.paypal.com
Accept: */*
Connection: Close
Content-Length: 987
Content-Type: application/x-www-form-urlencoded

cmd=_notify-validate&mc_gross=120.00&invoice=BUY-20151217212247&protection_eligibility=Eligible&address_status=confirmed&payer_id=3F7H5NPQR2MXL&tax=0.00&address_street=1+Main+St&payment_date=04%3A23%3A55+Dec+17%2C+2015+PST&payment_status=Completed&charset=windows-1252&address_zip=95131&first_name=test&mc_fee=3.78&address_country_code=US&address_name=test+buyer&notify_version=3.8&custom=&payer_status=verified&business=goodr00-facilitator%40naver.com&address_country=United+States&address_city=San+Jose&quantity=1&verify_sign=AUw1L3oh6cl7FOfXoqxl55g1q7CYAiXn7DwqFL8gC3.hd.4gV7KgFb9H&payer_email=goodr00-buyer%40naver.com&txn_id=26C38903YR021191H&payment_type=instant&last_name=buyer&address_state=CA&receiver_email=goodr00-facilitator%40naver.com&payment_fee=3.78&receiver_id=4M48DLDDTGF3G&txn_type=web_accept&item_name=&mc_currency=USD&item_number=&residence_country=US&test_ipn=1&handling_amount=0.00&transaction_subject=&payment_gross=120.00&shipping=0.00&ipn_track_id=4d07540d53577 for IPN payload: cmd=_notify-validate&mc_gross=120.00&invoice=BUY-20151217212247&protection_eligibility=Eligible&address_status=confirmed&payer_id=3F7H5NPQR2MXL&tax=0.00&address_street=1+Main+St&payment_date=04%3A23%3A55+Dec+17%2C+2015+PST&payment_status=Completed&charset=windows-1252&address_zip=95131&first_name=test&mc_fee=3.78&address_country_code=US&address_name=test+buyer&notify_version=3.8&custom=&payer_status=verified&business=goodr00-facilitator%40naver.com&address_country=United+States&address_city=San+Jose&quantity=1&verify_sign=AUw1L3oh6cl7FOfXoqxl55g1q7CYAiXn7DwqFL8gC3.hd.4gV7KgFb9H&payer_email=goodr00-buyer%40naver.com&txn_id=26C38903YR021191H&payment_type=instant&last_name=buyer&address_state=CA&receiver_email=goodr00-facilitator%40naver.com&payment_fee=3.78&receiver_id=4M48DLDDTGF3G&txn_type=web_accept&item_name=&mc_currency=USD&item_number=&residence_country=US&test_ipn=1&handling_amount=0.00&transaction_subject=&payment_gross=120.00&shipping=0.00&ipn_track_id=4d07540d53577


4. CURL Response [2015-12-17 21:24:00 Asia/Seoul] : 
HTTP response of validation request: HTTP/1.1 200 OK
Date: Thu, 17 Dec 2015 12:24:00 GMT
Server: Apache
X-Frame-Options: SAMEORIGIN
Set-Cookie: c9MWDuvPtT9GIMyPc3jwol1VSlO=46dKeiAEp5BskDXxiJmj_Ult2NAlfF-DLnxYcfg6MzYjWks3rJ3qYokCQ9xjEEyna-6f-LH3EgKAsA8iiq9fZA0Vfz37scoyUqK9z5N_wtCijKjmPVYJpvym7c43s6JIMiXuokRWh0-JfnKCyp1t7tzQXjLo8OzORTmrtP7COb-BpnJEof0gGqfZbdx3b2lENCbU9O_n_qsiS8rSYpfWxgkMJKIM_CFzY3Uva2F5kUwZP-7Z1ShgYKKBerf4ixXbVGW-0wTCKb1TgWThSQ9o872X0zXploR1zoX_9QL5UCEKIZii5dVk4fcBa1sobNjy9C9S86_FPHHOnfA-vgJSRhbRjLOy5htPiayyT_PAm2Xkm22xBdqxRhwROu3PuNACFm8knXlXX39myoGnOgsPKmWFIyyiEeFF1ELE9iE8f1UYONWIwx-DU39Xbdu; domain=.paypal.com; path=/; Secure; HttpOnly
Set-Cookie: cookie_check=yes; expires=Sun, 14-Dec-2025 12:24:01 GMT; domain=.paypal.com; path=/; Secure; HttpOnly
Set-Cookie: navcmd=_notify-validate; domain=.paypal.com; path=/; Secure; HttpOnly
Set-Cookie: navlns=0.0; expires=Sat, 16-Dec-2017 12:24:01 GMT; domain=.paypal.com; path=/; Secure; HttpOnly
Set-Cookie: Apache=10.72.108.11.1450355040733881; path=/; expires=Sat, 09-Dec-45 12:24:00 GMT
Vary: Accept-Encoding,User-Agent
Connection: close
Paypal-Debug-Id: 87afabfaf20f
Set-Cookie: X-PP-SILOVER=name%3DSANDBOX3.WEB.1%26silo_version%3D880%26app%3Dappdispatcher%26TIME%3D1621717590; domain=.paypal.com; path=/; Secure; HttpOnly
Set-Cookie: X-PP-SILOVER=; Expires=Thu, 01 Jan 1970 00:00:01 GMT
Set-Cookie: Apache=10.72.128.11.1450355040717159; path=/; expires=Sat, 09-Dec-45 12:24:00 GMT
Strict-Transport-Security: max-age=14400
Transfer-Encoding: chunked
Content-Type: text/html; charset=UTF-8

VERIFIED


5. Verified IPN [2015-12-17 21:24:00 Asia/Seoul] : 
cmd=_notify-validate&mc_gross=120.00&invoice=BUY-20151217212247&protection_eligibility=Eligible&address_status=confirmed&payer_id=3F7H5NPQR2MXL&tax=0.00&address_street=1+Main+St&payment_date=04%3A23%3A55+Dec+17%2C+2015+PST&payment_status=Completed&charset=windows-1252&address_zip=95131&first_name=test&mc_fee=3.78&address_country_code=US&address_name=test+buyer&notify_version=3.8&custom=&payer_status=verified&business=goodr00-facilitator%40naver.com&address_country=United+States&address_city=San+Jose&quantity=1&verify_sign=AUw1L3oh6cl7FOfXoqxl55g1q7CYAiXn7DwqFL8gC3.hd.4gV7KgFb9H&payer_email=goodr00-buyer%40naver.com&txn_id=26C38903YR021191H&payment_type=instant&last_name=buyer&address_state=CA&receiver_email=goodr00-facilitator%40naver.com&payment_fee=3.78&receiver_id=4M48DLDDTGF3G&txn_type=web_accept&item_name=&mc_currency=USD&item_number=&residence_country=US&test_ipn=1&handling_amount=0.00&transaction_subject=&payment_gross=120.00&shipping=0.00&ipn_track_id=4d07540d53577 


