1. reading posted data [2015-12-17 03:44:51 Asia/Seoul] : 
Array
(
    [mc_gross] => 24.00
    [invoice] => BUY-20151217034430
    [protection_eligibility] => Eligible
    [address_status] => confirmed
    [payer_id] => 3F7H5NPQR2MXL
    [tax] => 0.00
    [address_street] => 1 Main St
    [payment_date] => 10:44:47 Dec 16, 2015 PST
    [payment_status] => Completed
    [charset] => windows-1252
    [address_zip] => 95131
    [first_name] => test
    [mc_fee] => 1.00
    [address_country_code] => US
    [address_name] => test buyer
    [notify_version] => 3.8
    [custom] => 
    [payer_status] => verified
    [business] => goodr00-facilitator@naver.com
    [address_country] => United States
    [address_city] => San Jose
    [quantity] => 1
    [verify_sign] => AgD9ixkjYBLkhcCPn8J2S4yYJ8yBAvtyunJab5AffBKc.naHqkpjMISY
    [payer_email] => goodr00-buyer@naver.com
    [txn_id] => 0S7561360N6649702
    [payment_type] => instant
    [last_name] => buyer
    [address_state] => CA
    [receiver_email] => goodr00-facilitator@naver.com
    [payment_fee] => 1.00
    [receiver_id] => 4M48DLDDTGF3G
    [txn_type] => web_accept
    [item_name] => 
    [mc_currency] => USD
    [item_number] => 
    [residence_country] => US
    [test_ipn] => 1
    [handling_amount] => 0.00
    [transaction_subject] => 
    [payment_gross] => 24.00
    [shipping] => 0.00
    [ipn_track_id] => 6eb0392fe83bd
)



2. make request data [2015-12-17 03:44:51 Asia/Seoul] : 
cmd=_notify-validate&mc_gross=24.00&invoice=BUY-20151217034430&protection_eligibility=Eligible&address_status=confirmed&payer_id=3F7H5NPQR2MXL&tax=0.00&address_street=1+Main+St&payment_date=10%3A44%3A47+Dec+16%2C+2015+PST&payment_status=Completed&charset=windows-1252&address_zip=95131&first_name=test&mc_fee=1.00&address_country_code=US&address_name=test+buyer&notify_version=3.8&custom=&payer_status=verified&business=goodr00-facilitator%40naver.com&address_country=United+States&address_city=San+Jose&quantity=1&verify_sign=AgD9ixkjYBLkhcCPn8J2S4yYJ8yBAvtyunJab5AffBKc.naHqkpjMISY&payer_email=goodr00-buyer%40naver.com&txn_id=0S7561360N6649702&payment_type=instant&last_name=buyer&address_state=CA&receiver_email=goodr00-facilitator%40naver.com&payment_fee=1.00&receiver_id=4M48DLDDTGF3G&txn_type=web_accept&item_name=&mc_currency=USD&item_number=&residence_country=US&test_ipn=1&handling_amount=0.00&transaction_subject=&payment_gross=24.00&shipping=0.00&ipn_track_id=6eb0392fe83bd


3. CURL Request [2015-12-17 03:44:52 Asia/Seoul] : 
HTTP request of validation request:POST /cgi-bin/webscr HTTP/1.1
Host: www.sandbox.paypal.com
Accept: */*
Connection: Close
Content-Length: 985
Content-Type: application/x-www-form-urlencoded

cmd=_notify-validate&mc_gross=24.00&invoice=BUY-20151217034430&protection_eligibility=Eligible&address_status=confirmed&payer_id=3F7H5NPQR2MXL&tax=0.00&address_street=1+Main+St&payment_date=10%3A44%3A47+Dec+16%2C+2015+PST&payment_status=Completed&charset=windows-1252&address_zip=95131&first_name=test&mc_fee=1.00&address_country_code=US&address_name=test+buyer&notify_version=3.8&custom=&payer_status=verified&business=goodr00-facilitator%40naver.com&address_country=United+States&address_city=San+Jose&quantity=1&verify_sign=AgD9ixkjYBLkhcCPn8J2S4yYJ8yBAvtyunJab5AffBKc.naHqkpjMISY&payer_email=goodr00-buyer%40naver.com&txn_id=0S7561360N6649702&payment_type=instant&last_name=buyer&address_state=CA&receiver_email=goodr00-facilitator%40naver.com&payment_fee=1.00&receiver_id=4M48DLDDTGF3G&txn_type=web_accept&item_name=&mc_currency=USD&item_number=&residence_country=US&test_ipn=1&handling_amount=0.00&transaction_subject=&payment_gross=24.00&shipping=0.00&ipn_track_id=6eb0392fe83bd for IPN payload: cmd=_notify-validate&mc_gross=24.00&invoice=BUY-20151217034430&protection_eligibility=Eligible&address_status=confirmed&payer_id=3F7H5NPQR2MXL&tax=0.00&address_street=1+Main+St&payment_date=10%3A44%3A47+Dec+16%2C+2015+PST&payment_status=Completed&charset=windows-1252&address_zip=95131&first_name=test&mc_fee=1.00&address_country_code=US&address_name=test+buyer&notify_version=3.8&custom=&payer_status=verified&business=goodr00-facilitator%40naver.com&address_country=United+States&address_city=San+Jose&quantity=1&verify_sign=AgD9ixkjYBLkhcCPn8J2S4yYJ8yBAvtyunJab5AffBKc.naHqkpjMISY&payer_email=goodr00-buyer%40naver.com&txn_id=0S7561360N6649702&payment_type=instant&last_name=buyer&address_state=CA&receiver_email=goodr00-facilitator%40naver.com&payment_fee=1.00&receiver_id=4M48DLDDTGF3G&txn_type=web_accept&item_name=&mc_currency=USD&item_number=&residence_country=US&test_ipn=1&handling_amount=0.00&transaction_subject=&payment_gross=24.00&shipping=0.00&ipn_track_id=6eb0392fe83bd


4. CURL Response [2015-12-17 03:44:52 Asia/Seoul] : 
HTTP response of validation request: HTTP/1.1 200 OK
Date: Wed, 16 Dec 2015 18:44:51 GMT
Server: Apache
X-Frame-Options: SAMEORIGIN
Set-Cookie: c9MWDuvPtT9GIMyPc3jwol1VSlO=gmw9yHqTSdx6YTQQq1OK1FVh-6Jh4y5ZDzFOLoRdDIaoUmEM6DR0XuYVDmITvrrEK05DMHxIns6sWj7CnDRcCYCBifoxNxCqD6BrUCIcPftkrj5iMn7iheNwKxNzMXAT-M3T7VM-F1Z6bVeTfkf7xAcISvJ_S4PMMINQm5xOY6vAiJ5CQnM0e_e9DbaZbg2GjzwShW_nwFvm9P7dIYO-9IKE-6p_eYFrACUv6-OaXyFxe1pJs8ApmuNZzZvXI0qtvB0bmTiPVYyH4dlceeN1otTRD8JUIESNyozAPb-8cU377mEOm1dWnvoD4ot94cFn0NGovImpkQVp_KYwm9uufl-SzHPHRkoSPWnMdvqo8jKsI52cUSxYlrQzM7EecRjR40WhAZDJF0IKn7fULl-yD9gFCrV4GxtvPQCwnuU97SqF09IYm5XSkoUPeNq; domain=.paypal.com; path=/; Secure; HttpOnly
Set-Cookie: cookie_check=yes; expires=Sat, 13-Dec-2025 18:44:52 GMT; domain=.paypal.com; path=/; Secure; HttpOnly
Set-Cookie: navcmd=_notify-validate; domain=.paypal.com; path=/; Secure; HttpOnly
Set-Cookie: navlns=0.0; expires=Fri, 15-Dec-2017 18:44:52 GMT; domain=.paypal.com; path=/; Secure; HttpOnly
Set-Cookie: Apache=10.72.108.11.1450291491770295; path=/; expires=Fri, 08-Dec-45 18:44:51 GMT
Vary: Accept-Encoding,User-Agent
Connection: close
Paypal-Debug-Id: 1a3b6a0b710d
Set-Cookie: X-PP-SILOVER=name%3DSANDBOX3.WEB.1%26silo_version%3D880%26app%3Dappdispatcher%26TIME%3D598831446; domain=.paypal.com; path=/; Secure; HttpOnly
Set-Cookie: X-PP-SILOVER=; Expires=Thu, 01 Jan 1970 00:00:01 GMT
Set-Cookie: Apache=10.72.128.11.1450291491749571; path=/; expires=Fri, 08-Dec-45 18:44:51 GMT
Strict-Transport-Security: max-age=14400
Transfer-Encoding: chunked
Content-Type: text/html; charset=UTF-8

VERIFIED


5. Verified IPN [2015-12-17 03:44:52 Asia/Seoul] : 
cmd=_notify-validate&mc_gross=24.00&invoice=BUY-20151217034430&protection_eligibility=Eligible&address_status=confirmed&payer_id=3F7H5NPQR2MXL&tax=0.00&address_street=1+Main+St&payment_date=10%3A44%3A47+Dec+16%2C+2015+PST&payment_status=Completed&charset=windows-1252&address_zip=95131&first_name=test&mc_fee=1.00&address_country_code=US&address_name=test+buyer&notify_version=3.8&custom=&payer_status=verified&business=goodr00-facilitator%40naver.com&address_country=United+States&address_city=San+Jose&quantity=1&verify_sign=AgD9ixkjYBLkhcCPn8J2S4yYJ8yBAvtyunJab5AffBKc.naHqkpjMISY&payer_email=goodr00-buyer%40naver.com&txn_id=0S7561360N6649702&payment_type=instant&last_name=buyer&address_state=CA&receiver_email=goodr00-facilitator%40naver.com&payment_fee=1.00&receiver_id=4M48DLDDTGF3G&txn_type=web_accept&item_name=&mc_currency=USD&item_number=&residence_country=US&test_ipn=1&handling_amount=0.00&transaction_subject=&payment_gross=24.00&shipping=0.00&ipn_track_id=6eb0392fe83bd 


