1. reading posted data [2015-12-17 22:27:40 Asia/Seoul] : 
Array
(
    [mc_gross] => 120.00
    [invoice] => BUY-20151217222634
    [protection_eligibility] => Eligible
    [address_status] => confirmed
    [payer_id] => 3F7H5NPQR2MXL
    [tax] => 0.00
    [address_street] => 1 Main St
    [payment_date] => 05:27:34 Dec 17, 2015 PST
    [payment_status] => Completed
    [charset] => windows-1252
    [address_zip] => 95131
    [first_name] => test
    [mc_fee] => 3.78
    [address_country_code] => US
    [address_name] => test buyer
    [notify_version] => 3.8
    [custom] => 
    [payer_status] => verified
    [business] => goodr00-facilitator@naver.com
    [address_country] => United States
    [address_city] => San Jose
    [quantity] => 1
    [verify_sign] => As0xjLVpmqar7XgNnB3aAyV9ha.eAxSTCENn-S4cyqPyhKJjW0WAUC-a
    [payer_email] => goodr00-buyer@naver.com
    [txn_id] => 2G942615D82719525
    [payment_type] => instant
    [last_name] => buyer
    [address_state] => CA
    [receiver_email] => goodr00-facilitator@naver.com
    [payment_fee] => 3.78
    [receiver_id] => 4M48DLDDTGF3G
    [txn_type] => web_accept
    [item_name] => 
    [mc_currency] => USD
    [item_number] => 
    [residence_country] => US
    [test_ipn] => 1
    [handling_amount] => 0.00
    [transaction_subject] => 
    [payment_gross] => 120.00
    [shipping] => 0.00
    [ipn_track_id] => 33a29e1a870a4
)



2. make request data [2015-12-17 22:27:40 Asia/Seoul] : 
cmd=_notify-validate&mc_gross=120.00&invoice=BUY-20151217222634&protection_eligibility=Eligible&address_status=confirmed&payer_id=3F7H5NPQR2MXL&tax=0.00&address_street=1+Main+St&payment_date=05%3A27%3A34+Dec+17%2C+2015+PST&payment_status=Completed&charset=windows-1252&address_zip=95131&first_name=test&mc_fee=3.78&address_country_code=US&address_name=test+buyer&notify_version=3.8&custom=&payer_status=verified&business=goodr00-facilitator%40naver.com&address_country=United+States&address_city=San+Jose&quantity=1&verify_sign=As0xjLVpmqar7XgNnB3aAyV9ha.eAxSTCENn-S4cyqPyhKJjW0WAUC-a&payer_email=goodr00-buyer%40naver.com&txn_id=2G942615D82719525&payment_type=instant&last_name=buyer&address_state=CA&receiver_email=goodr00-facilitator%40naver.com&payment_fee=3.78&receiver_id=4M48DLDDTGF3G&txn_type=web_accept&item_name=&mc_currency=USD&item_number=&residence_country=US&test_ipn=1&handling_amount=0.00&transaction_subject=&payment_gross=120.00&shipping=0.00&ipn_track_id=33a29e1a870a4


3. CURL Request [2015-12-17 22:27:41 Asia/Seoul] : 
HTTP request of validation request:POST /cgi-bin/webscr HTTP/1.1
Host: www.sandbox.paypal.com
Accept: */*
Connection: Close
Content-Length: 987
Content-Type: application/x-www-form-urlencoded

cmd=_notify-validate&mc_gross=120.00&invoice=BUY-20151217222634&protection_eligibility=Eligible&address_status=confirmed&payer_id=3F7H5NPQR2MXL&tax=0.00&address_street=1+Main+St&payment_date=05%3A27%3A34+Dec+17%2C+2015+PST&payment_status=Completed&charset=windows-1252&address_zip=95131&first_name=test&mc_fee=3.78&address_country_code=US&address_name=test+buyer&notify_version=3.8&custom=&payer_status=verified&business=goodr00-facilitator%40naver.com&address_country=United+States&address_city=San+Jose&quantity=1&verify_sign=As0xjLVpmqar7XgNnB3aAyV9ha.eAxSTCENn-S4cyqPyhKJjW0WAUC-a&payer_email=goodr00-buyer%40naver.com&txn_id=2G942615D82719525&payment_type=instant&last_name=buyer&address_state=CA&receiver_email=goodr00-facilitator%40naver.com&payment_fee=3.78&receiver_id=4M48DLDDTGF3G&txn_type=web_accept&item_name=&mc_currency=USD&item_number=&residence_country=US&test_ipn=1&handling_amount=0.00&transaction_subject=&payment_gross=120.00&shipping=0.00&ipn_track_id=33a29e1a870a4 for IPN payload: cmd=_notify-validate&mc_gross=120.00&invoice=BUY-20151217222634&protection_eligibility=Eligible&address_status=confirmed&payer_id=3F7H5NPQR2MXL&tax=0.00&address_street=1+Main+St&payment_date=05%3A27%3A34+Dec+17%2C+2015+PST&payment_status=Completed&charset=windows-1252&address_zip=95131&first_name=test&mc_fee=3.78&address_country_code=US&address_name=test+buyer&notify_version=3.8&custom=&payer_status=verified&business=goodr00-facilitator%40naver.com&address_country=United+States&address_city=San+Jose&quantity=1&verify_sign=As0xjLVpmqar7XgNnB3aAyV9ha.eAxSTCENn-S4cyqPyhKJjW0WAUC-a&payer_email=goodr00-buyer%40naver.com&txn_id=2G942615D82719525&payment_type=instant&last_name=buyer&address_state=CA&receiver_email=goodr00-facilitator%40naver.com&payment_fee=3.78&receiver_id=4M48DLDDTGF3G&txn_type=web_accept&item_name=&mc_currency=USD&item_number=&residence_country=US&test_ipn=1&handling_amount=0.00&transaction_subject=&payment_gross=120.00&shipping=0.00&ipn_track_id=33a29e1a870a4


4. CURL Response [2015-12-17 22:27:41 Asia/Seoul] : 
HTTP response of validation request: HTTP/1.1 200 OK
Date: Thu, 17 Dec 2015 13:27:41 GMT
Server: Apache
X-Frame-Options: SAMEORIGIN
Set-Cookie: c9MWDuvPtT9GIMyPc3jwol1VSlO=jMjD6LciTCTfhiV1D_fP40B2YUwnfxonfzeEwzUJnsWdOEPNBwWpaG_S91TDnOKU6FdNuL9PeYJzPbwHkbXBDEUdhZSA_6Kzr3Sy15Hrodr0BYo8g5z1Gji1F9LjBqcsy_Hs0y39cFjhLOrFhNyk27OKHxtmipH-mFzccnhDw0HkwDBb_DeF3BjopHe7doHhPnJn5GLdFHOmFrGUhjkazmoPJ9DiIJ4prqIJxYD_0TypnD5dqslZmDTgG9OK6Q9wn8Cag4c-KcS0saxGLZK6DOYcj6fjU9almrdKr_P8gldy9viwI-Etz90mzlLCKsfzhVHwCUQjbmKuUk3KOuiNMaLqnS00pahpbn2x-zUw9yvt8mw281Ad-iRArYEKjeTcLXWPHXCSIV5JbG6__jERQ9pZ534juQrO7TslwDnX3KQBuM2xxANrjz86Q3K; domain=.paypal.com; path=/; Secure; HttpOnly
Set-Cookie: cookie_check=yes; expires=Sun, 14-Dec-2025 13:27:42 GMT; domain=.paypal.com; path=/; Secure; HttpOnly
Set-Cookie: navcmd=_notify-validate; domain=.paypal.com; path=/; Secure; HttpOnly
Set-Cookie: navlns=0.0; expires=Sat, 16-Dec-2017 13:27:42 GMT; domain=.paypal.com; path=/; Secure; HttpOnly
Set-Cookie: Apache=10.72.108.11.1450358861764840; path=/; expires=Sat, 09-Dec-45 13:27:41 GMT
Vary: Accept-Encoding,User-Agent
Connection: close
Paypal-Debug-Id: 158f2ec9b6b97
Set-Cookie: X-PP-SILOVER=name%3DSANDBOX3.WEB.1%26silo_version%3D880%26app%3Dappdispatcher%26TIME%3D1303933526; domain=.paypal.com; path=/; Secure; HttpOnly
Set-Cookie: X-PP-SILOVER=; Expires=Thu, 01 Jan 1970 00:00:01 GMT
Set-Cookie: Apache=10.72.128.11.1450358861748237; path=/; expires=Sat, 09-Dec-45 13:27:41 GMT
Strict-Transport-Security: max-age=14400
Transfer-Encoding: chunked
Content-Type: text/html; charset=UTF-8

VERIFIED


5. Verified IPN [2015-12-17 22:27:41 Asia/Seoul] : 
cmd=_notify-validate&mc_gross=120.00&invoice=BUY-20151217222634&protection_eligibility=Eligible&address_status=confirmed&payer_id=3F7H5NPQR2MXL&tax=0.00&address_street=1+Main+St&payment_date=05%3A27%3A34+Dec+17%2C+2015+PST&payment_status=Completed&charset=windows-1252&address_zip=95131&first_name=test&mc_fee=3.78&address_country_code=US&address_name=test+buyer&notify_version=3.8&custom=&payer_status=verified&business=goodr00-facilitator%40naver.com&address_country=United+States&address_city=San+Jose&quantity=1&verify_sign=As0xjLVpmqar7XgNnB3aAyV9ha.eAxSTCENn-S4cyqPyhKJjW0WAUC-a&payer_email=goodr00-buyer%40naver.com&txn_id=2G942615D82719525&payment_type=instant&last_name=buyer&address_state=CA&receiver_email=goodr00-facilitator%40naver.com&payment_fee=3.78&receiver_id=4M48DLDDTGF3G&txn_type=web_accept&item_name=&mc_currency=USD&item_number=&residence_country=US&test_ipn=1&handling_amount=0.00&transaction_subject=&payment_gross=120.00&shipping=0.00&ipn_track_id=33a29e1a870a4 


