1. reading posted data [2015-12-17 11:56:07 Asia/Seoul] : 
Array
(
    [mc_gross] => 360.00
    [invoice] => BUY-20151217115455
    [protection_eligibility] => Eligible
    [address_status] => confirmed
    [payer_id] => 3F7H5NPQR2MXL
    [tax] => 0.00
    [address_street] => 1 Main St
    [payment_date] => 18:56:02 Dec 16, 2015 PST
    [payment_status] => Completed
    [charset] => windows-1252
    [address_zip] => 95131
    [first_name] => test
    [mc_fee] => 10.74
    [address_country_code] => US
    [address_name] => test buyer
    [notify_version] => 3.8
    [custom] => 
    [payer_status] => verified
    [business] => goodr00-facilitator@naver.com
    [address_country] => United States
    [address_city] => San Jose
    [quantity] => 1
    [verify_sign] => ARTWVaUGckuviK6HZ-Of6l88vDtdAs9JeWE.TD-MP9DJ05Myl-yIsX96
    [payer_email] => goodr00-buyer@naver.com
    [txn_id] => 8XV35960EH120522B
    [payment_type] => instant
    [last_name] => buyer
    [address_state] => CA
    [receiver_email] => goodr00-facilitator@naver.com
    [payment_fee] => 10.74
    [receiver_id] => 4M48DLDDTGF3G
    [txn_type] => web_accept
    [item_name] => 
    [mc_currency] => USD
    [item_number] => 
    [residence_country] => US
    [test_ipn] => 1
    [handling_amount] => 0.00
    [transaction_subject] => 
    [payment_gross] => 360.00
    [shipping] => 0.00
    [ipn_track_id] => e5b9d3847a379
)



2. make request data [2015-12-17 11:56:07 Asia/Seoul] : 
cmd=_notify-validate&mc_gross=360.00&invoice=BUY-20151217115455&protection_eligibility=Eligible&address_status=confirmed&payer_id=3F7H5NPQR2MXL&tax=0.00&address_street=1+Main+St&payment_date=18%3A56%3A02+Dec+16%2C+2015+PST&payment_status=Completed&charset=windows-1252&address_zip=95131&first_name=test&mc_fee=10.74&address_country_code=US&address_name=test+buyer&notify_version=3.8&custom=&payer_status=verified&business=goodr00-facilitator%40naver.com&address_country=United+States&address_city=San+Jose&quantity=1&verify_sign=ARTWVaUGckuviK6HZ-Of6l88vDtdAs9JeWE.TD-MP9DJ05Myl-yIsX96&payer_email=goodr00-buyer%40naver.com&txn_id=8XV35960EH120522B&payment_type=instant&last_name=buyer&address_state=CA&receiver_email=goodr00-facilitator%40naver.com&payment_fee=10.74&receiver_id=4M48DLDDTGF3G&txn_type=web_accept&item_name=&mc_currency=USD&item_number=&residence_country=US&test_ipn=1&handling_amount=0.00&transaction_subject=&payment_gross=360.00&shipping=0.00&ipn_track_id=e5b9d3847a379


3. CURL Request [2015-12-17 11:56:09 Asia/Seoul] : 
HTTP request of validation request:POST /cgi-bin/webscr HTTP/1.1
Host: www.sandbox.paypal.com
Accept: */*
Connection: Close
Content-Length: 989
Content-Type: application/x-www-form-urlencoded

cmd=_notify-validate&mc_gross=360.00&invoice=BUY-20151217115455&protection_eligibility=Eligible&address_status=confirmed&payer_id=3F7H5NPQR2MXL&tax=0.00&address_street=1+Main+St&payment_date=18%3A56%3A02+Dec+16%2C+2015+PST&payment_status=Completed&charset=windows-1252&address_zip=95131&first_name=test&mc_fee=10.74&address_country_code=US&address_name=test+buyer&notify_version=3.8&custom=&payer_status=verified&business=goodr00-facilitator%40naver.com&address_country=United+States&address_city=San+Jose&quantity=1&verify_sign=ARTWVaUGckuviK6HZ-Of6l88vDtdAs9JeWE.TD-MP9DJ05Myl-yIsX96&payer_email=goodr00-buyer%40naver.com&txn_id=8XV35960EH120522B&payment_type=instant&last_name=buyer&address_state=CA&receiver_email=goodr00-facilitator%40naver.com&payment_fee=10.74&receiver_id=4M48DLDDTGF3G&txn_type=web_accept&item_name=&mc_currency=USD&item_number=&residence_country=US&test_ipn=1&handling_amount=0.00&transaction_subject=&payment_gross=360.00&shipping=0.00&ipn_track_id=e5b9d3847a379 for IPN payload: cmd=_notify-validate&mc_gross=360.00&invoice=BUY-20151217115455&protection_eligibility=Eligible&address_status=confirmed&payer_id=3F7H5NPQR2MXL&tax=0.00&address_street=1+Main+St&payment_date=18%3A56%3A02+Dec+16%2C+2015+PST&payment_status=Completed&charset=windows-1252&address_zip=95131&first_name=test&mc_fee=10.74&address_country_code=US&address_name=test+buyer&notify_version=3.8&custom=&payer_status=verified&business=goodr00-facilitator%40naver.com&address_country=United+States&address_city=San+Jose&quantity=1&verify_sign=ARTWVaUGckuviK6HZ-Of6l88vDtdAs9JeWE.TD-MP9DJ05Myl-yIsX96&payer_email=goodr00-buyer%40naver.com&txn_id=8XV35960EH120522B&payment_type=instant&last_name=buyer&address_state=CA&receiver_email=goodr00-facilitator%40naver.com&payment_fee=10.74&receiver_id=4M48DLDDTGF3G&txn_type=web_accept&item_name=&mc_currency=USD&item_number=&residence_country=US&test_ipn=1&handling_amount=0.00&transaction_subject=&payment_gross=360.00&shipping=0.00&ipn_track_id=e5b9d3847a379


4. CURL Response [2015-12-17 11:56:09 Asia/Seoul] : 
HTTP response of validation request: HTTP/1.1 200 OK
Date: Thu, 17 Dec 2015 02:56:09 GMT
Server: Apache
X-Frame-Options: SAMEORIGIN
Set-Cookie: c9MWDuvPtT9GIMyPc3jwol1VSlO=CBfvq4Miz-9bXA2zEJXLdFpRNADvjFUCR7ZsIazxWGn2juVcgsYlxsjmvLx65SLPaxEfnBV3dqJSH8tldtxLzODEGZbQooloaKtNNgxFu4g4Yy4dwwdwhO_srVT4C7UxDEqybttnO5l93j_QzV5Il7VF266r3xJerzFxRFu6nAqmpGwRBHuopo_9wJZ0Rn9-FHWvhfjfCNjs2JHG4UbaYtPvMYCGqWXp76lI99e_Ri5n6sleo5Fb6Shs4vaa86zl2bro55SA8dmIIYlrT14UwXJk-0iCnjkRXUV5k5_sAjidaAqN7liicazUBROcswd6ofXdSycKtUPZ02uuMhIJiMqApAbPqKSAGvmpSyw08wzzC-SHQSmRn-R98jogX82zKRdDsrEgx7S6iSa2HWAN61H5waIvvJYvhHP7Rq1hGFQGUqNwVvF4G1tY8H4; domain=.paypal.com; path=/; Secure; HttpOnly
Set-Cookie: cookie_check=yes; expires=Sun, 14-Dec-2025 02:56:09 GMT; domain=.paypal.com; path=/; Secure; HttpOnly
Set-Cookie: navcmd=_notify-validate; domain=.paypal.com; path=/; Secure; HttpOnly
Set-Cookie: navlns=0.0; expires=Sat, 16-Dec-2017 02:56:09 GMT; domain=.paypal.com; path=/; Secure; HttpOnly
Set-Cookie: Apache=10.72.108.11.1450320969092672; path=/; expires=Sat, 09-Dec-45 02:56:09 GMT
Vary: Accept-Encoding,User-Agent
Connection: close
Paypal-Debug-Id: 71a52a831287d
Set-Cookie: X-PP-SILOVER=name%3DSANDBOX3.WEB.1%26silo_version%3D880%26app%3Dappdispatcher%26TIME%3D1227125334; domain=.paypal.com; path=/; Secure; HttpOnly
Set-Cookie: X-PP-SILOVER=; Expires=Thu, 01 Jan 1970 00:00:01 GMT
Set-Cookie: Apache=10.72.128.11.1450320969075677; path=/; expires=Sat, 09-Dec-45 02:56:09 GMT
Strict-Transport-Security: max-age=14400
Transfer-Encoding: chunked
Content-Type: text/html; charset=UTF-8

VERIFIED


5. Verified IPN [2015-12-17 11:56:09 Asia/Seoul] : 
cmd=_notify-validate&mc_gross=360.00&invoice=BUY-20151217115455&protection_eligibility=Eligible&address_status=confirmed&payer_id=3F7H5NPQR2MXL&tax=0.00&address_street=1+Main+St&payment_date=18%3A56%3A02+Dec+16%2C+2015+PST&payment_status=Completed&charset=windows-1252&address_zip=95131&first_name=test&mc_fee=10.74&address_country_code=US&address_name=test+buyer&notify_version=3.8&custom=&payer_status=verified&business=goodr00-facilitator%40naver.com&address_country=United+States&address_city=San+Jose&quantity=1&verify_sign=ARTWVaUGckuviK6HZ-Of6l88vDtdAs9JeWE.TD-MP9DJ05Myl-yIsX96&payer_email=goodr00-buyer%40naver.com&txn_id=8XV35960EH120522B&payment_type=instant&last_name=buyer&address_state=CA&receiver_email=goodr00-facilitator%40naver.com&payment_fee=10.74&receiver_id=4M48DLDDTGF3G&txn_type=web_accept&item_name=&mc_currency=USD&item_number=&residence_country=US&test_ipn=1&handling_amount=0.00&transaction_subject=&payment_gross=360.00&shipping=0.00&ipn_track_id=e5b9d3847a379 


